{"meta": {"format": 3, "version": "7.10.6", "timestamp": "2025-09-23T00:28:56.538020", "branch_coverage": false, "show_contexts": false}, "files": {"src/writeit/__init__.py": {"executed_lines": [3], "summary": {"covered_lines": 1, "num_statements": 1, "percent_covered": 100.0, "percent_covered_display": "100", "missing_lines": 0, "excluded_lines": 0}, "missing_lines": [], "excluded_lines": [], "functions": {"": {"executed_lines": [3], "summary": {"covered_lines": 1, "num_statements": 1, "percent_covered": 100.0, "percent_covered_display": "100", "missing_lines": 0, "excluded_lines": 0}, "missing_lines": [], "excluded_lines": []}}, "classes": {"": {"executed_lines": [3], "summary": {"covered_lines": 1, "num_statements": 1, "percent_covered": 100.0, "percent_covered_display": "100", "missing_lines": 0, "excluded_lines": 0}, "missing_lines": [], "excluded_lines": []}}}, "src/writeit/cli/__init__.py": {"executed_lines": [0], "summary": {"covered_lines": 0, "num_statements": 0, "percent_covered": 100.0, "percent_covered_display": "100", "missing_lines": 0, "excluded_lines": 0}, "missing_lines": [], "excluded_lines": [], "functions": {"": {"executed_lines": [], "summary": {"covered_lines": 0, "num_statements": 0, "percent_covered": 100.0, "percent_covered_display": "100", "missing_lines": 0, "excluded_lines": 0}, "missing_lines": [], "excluded_lines": []}}, "classes": {"": {"executed_lines": [], "summary": {"covered_lines": 0, "num_statements": 0, "percent_covered": 100.0, "percent_covered_display": "100", "missing_lines": 0, "excluded_lines": 0}, "missing_lines": [], "excluded_lines": []}}}, "src/writeit/cli/app.py": {"executed_lines": [4, 5, 7, 8, 12, 22, 23, 26, 27, 70, 77, 78, 80, 84, 86, 89, 95, 96], "summary": {"covered_lines": 18, "num_statements": 33, "percent_covered": 54.54545454545455, "percent_covered_display": "55", "missing_lines": 15, "excluded_lines": 0}, "missing_lines": [71, 74, 81, 91, 123, 124, 127, 129, 130, 131, 134, 136, 138, 139, 141], "excluded_lines": [], "functions": {"main": {"executed_lines": [70, 77, 78, 80], "summary": {"covered_lines": 4, "num_statements": 7, "percent_covered": 57.142857142857146, "percent_covered_display": "57", "missing_lines": 3, "excluded_lines": 0}, "missing_lines": [71, 74, 81], "excluded_lines": []}, "get_workspace_override": {"executed_lines": [86], "summary": {"covered_lines": 1, "num_statements": 1, "percent_covered": 100.0, "percent_covered_display": "100", "missing_lines": 0, "excluded_lines": 0}, "missing_lines": [], "excluded_lines": []}, "is_verbose": {"executed_lines": [], "summary": {"covered_lines": 0, "num_statements": 1, "percent_covered": 0.0, "percent_covered_display": "0", "missing_lines": 1, "excluded_lines": 0}, "missing_lines": [91], "excluded_lines": []}, "completion_command": {"executed_lines": [], "summary": {"covered_lines": 0, "num_statements": 11, "percent_covered": 0.0, "percent_covered_display": "0", "missing_lines": 11, "excluded_lines": 0}, "missing_lines": [123, 124, 127, 129, 130, 131, 134, 136, 138, 139, 141], "excluded_lines": []}, "": {"executed_lines": [4, 5, 7, 8, 12, 22, 23, 26, 27, 84, 89, 95, 96], "summary": {"covered_lines": 13, "num_statements": 13, "percent_covered": 100.0, "percent_covered_display": "100", "missing_lines": 0, "excluded_lines": 0}, "missing_lines": [], "excluded_lines": []}}, "classes": {"": {"executed_lines": [4, 5, 7, 8, 12, 22, 23, 26, 27, 70, 77, 78, 80, 84, 86, 89, 95, 96], "summary": {"covered_lines": 18, "num_statements": 33, "percent_covered": 54.54545454545455, "percent_covered_display": "55", "missing_lines": 15, "excluded_lines": 0}, "missing_lines": [71, 74, 81, 91, 123, 124, 127, 129, 130, 131, 134, 136, 138, 139, 141], "excluded_lines": []}}}, "src/writeit/cli/commands/__init__.py": {"executed_lines": [0], "summary": {"covered_lines": 0, "num_statements": 0, "percent_covered": 100.0, "percent_covered_display": "100", "missing_lines": 0, "excluded_lines": 0}, "missing_lines": [], "excluded_lines": [], "functions": {"": {"executed_lines": [], "summary": {"covered_lines": 0, "num_statements": 0, "percent_covered": 100.0, "percent_covered_display": "100", "missing_lines": 0, "excluded_lines": 0}, "missing_lines": [], "excluded_lines": []}}, "classes": {"": {"executed_lines": [], "summary": {"covered_lines": 0, "num_statements": 0, "percent_covered": 100.0, "percent_covered_display": "100", "missing_lines": 0, "excluded_lines": 0}, "missing_lines": [], "excluded_lines": []}}}, "src/writeit/cli/commands/docs.py": {"executed_lines": [1, 5, 6, 7, 8, 9, 10, 11, 13, 14, 15, 17, 18, 21, 22, 88, 89, 147, 148, 167, 168, 245, 246, 264, 295, 329, 384, 394], "summary": {"covered_lines": 27, "num_statements": 165, "percent_covered": 16.363636363636363, "percent_covered_display": "16", "missing_lines": 138, "excluded_lines": 0}, "missing_lines": [41, 43, 45, 47, 54, 55, 56, 59, 62, 63, 64, 65, 71, 72, 73, 75, 78, 79, 81, 83, 84, 85, 107, 109, 110, 113, 114, 116, 117, 119, 120, 121, 124, 127, 130, 131, 132, 133, 136, 137, 138, 140, 142, 143, 144, 156, 158, 159, 160, 162, 163, 164, 180, 182, 184, 185, 186, 189, 190, 191, 192, 193, 195, 201, 207, 213, 220, 223, 224, 225, 226, 227, 230, 231, 232, 233, 234, 235, 236, 238, 240, 241, 242, 256, 257, 258, 259, 261, 266, 268, 269, 273, 274, 275, 276, 277, 281, 282, 284, 285, 289, 290, 292, 297, 300, 301, 303, 307, 308, 310, 313, 314, 315, 316, 317, 318, 319, 321, 322, 323, 324, 325, 326, 331, 374, 375, 376, 377, 378, 379, 380, 381, 386, 387, 388, 389, 391, 395], "excluded_lines": [], "functions": {"generate_docs": {"executed_lines": [], "summary": {"covered_lines": 0, "num_statements": 22, "percent_covered": 0.0, "percent_covered_display": "0", "missing_lines": 22, "excluded_lines": 0}, "missing_lines": [41, 43, 45, 47, 54, 55, 56, 59, 62, 63, 64, 65, 71, 72, 73, 75, 78, 79, 81, 83, 84, 85], "excluded_lines": []}, "validate_docs": {"executed_lines": [], "summary": {"covered_lines": 0, "num_statements": 23, "percent_covered": 0.0, "percent_covered_display": "0", "missing_lines": 23, "excluded_lines": 0}, "missing_lines": [107, 109, 110, 113, 114, 116, 117, 119, 120, 121, 124, 127, 130, 131, 132, 133, 136, 137, 138, 140, 142, 143, 144], "excluded_lines": []}, "preview_docs": {"executed_lines": [], "summary": {"covered_lines": 0, "num_statements": 7, "percent_covered": 0.0, "percent_covered_display": "0", "missing_lines": 7, "excluded_lines": 0}, "missing_lines": [156, 158, 159, 160, 162, 163, 164], "excluded_lines": []}, "show_metrics": {"executed_lines": [], "summary": {"covered_lines": 0, "num_statements": 31, "percent_covered": 0.0, "percent_covered_display": "0", "missing_lines": 31, "excluded_lines": 0}, "missing_lines": [180, 182, 184, 185, 186, 189, 190, 191, 192, 193, 195, 201, 207, 213, 220, 223, 224, 225, 226, 227, 230, 231, 232, 233, 234, 235, 236, 238, 240, 241, 242], "excluded_lines": []}, "config_docs": {"executed_lines": [], "summary": {"covered_lines": 0, "num_statements": 5, "percent_covered": 0.0, "percent_covered_display": "0", "missing_lines": 5, "excluded_lines": 0}, "missing_lines": [256, 257, 258, 259, 261], "excluded_lines": []}, "_display_generation_results": {"executed_lines": [], "summary": {"covered_lines": 0, "num_statements": 15, "percent_covered": 0.0, "percent_covered_display": "0", "missing_lines": 15, "excluded_lines": 0}, "missing_lines": [266, 268, 269, 273, 274, 275, 276, 277, 281, 282, 284, 285, 289, 290, 292], "excluded_lines": []}, "_display_validation_results": {"executed_lines": [], "summary": {"covered_lines": 0, "num_statements": 20, "percent_covered": 0.0, "percent_covered_display": "0", "missing_lines": 20, "excluded_lines": 0}, "missing_lines": [297, 300, 301, 303, 307, 308, 310, 313, 314, 315, 316, 317, 318, 319, 321, 322, 323, 324, 325, 326], "excluded_lines": []}, "_init_config": {"executed_lines": [], "summary": {"covered_lines": 0, "num_statements": 9, "percent_covered": 0.0, "percent_covered_display": "0", "missing_lines": 9, "excluded_lines": 0}, "missing_lines": [331, 374, 375, 376, 377, 378, 379, 380, 381], "excluded_lines": []}, "_show_config": {"executed_lines": [], "summary": {"covered_lines": 0, "num_statements": 5, "percent_covered": 0.0, "percent_covered_display": "0", "missing_lines": 5, "excluded_lines": 0}, "missing_lines": [386, 387, 388, 389, 391], "excluded_lines": []}, "": {"executed_lines": [1, 5, 6, 7, 8, 9, 10, 11, 13, 14, 15, 17, 18, 21, 22, 88, 89, 147, 148, 167, 168, 245, 246, 264, 295, 329, 384, 394], "summary": {"covered_lines": 27, "num_statements": 28, "percent_covered": 96.42857142857143, "percent_covered_display": "96", "missing_lines": 1, "excluded_lines": 0}, "missing_lines": [395], "excluded_lines": []}}, "classes": {"": {"executed_lines": [1, 5, 6, 7, 8, 9, 10, 11, 13, 14, 15, 17, 18, 21, 22, 88, 89, 147, 148, 167, 168, 245, 246, 264, 295, 329, 384, 394], "summary": {"covered_lines": 27, "num_statements": 165, "percent_covered": 16.363636363636363, "percent_covered_display": "16", "missing_lines": 138, "excluded_lines": 0}, "missing_lines": [41, 43, 45, 47, 54, 55, 56, 59, 62, 63, 64, 65, 71, 72, 73, 75, 78, 79, 81, 83, 84, 85, 107, 109, 110, 113, 114, 116, 117, 119, 120, 121, 124, 127, 130, 131, 132, 133, 136, 137, 138, 140, 142, 143, 144, 156, 158, 159, 160, 162, 163, 164, 180, 182, 184, 185, 186, 189, 190, 191, 192, 193, 195, 201, 207, 213, 220, 223, 224, 225, 226, 227, 230, 231, 232, 233, 234, 235, 236, 238, 240, 241, 242, 256, 257, 258, 259, 261, 266, 268, 269, 273, 274, 275, 276, 277, 281, 282, 284, 285, 289, 290, 292, 297, 300, 301, 303, 307, 308, 310, 313, 314, 315, 316, 317, 318, 319, 321, 322, 323, 324, 325, 326, 331, 374, 375, 376, 377, 378, 379, 380, 381, 386, 387, 388, 389, 391, 395], "excluded_lines": []}}}, "src/writeit/cli/commands/init.py": {"executed_lines": [4, 6, 7, 8, 11, 14, 15], "summary": {"covered_lines": 7, "num_statements": 45, "percent_covered": 15.555555555555555, "percent_covered_display": "16", "missing_lines": 38, "excluded_lines": 0}, "missing_lines": [34, 36, 40, 41, 43, 45, 46, 52, 56, 60, 66, 67, 68, 71, 72, 76, 77, 81, 85, 86, 87, 92, 93, 96, 97, 98, 101, 102, 103, 106, 107, 109, 113, 118, 119, 123, 124, 125], "excluded_lines": [], "functions": {"init": {"executed_lines": [], "summary": {"covered_lines": 0, "num_statements": 38, "percent_covered": 0.0, "percent_covered_display": "0", "missing_lines": 38, "excluded_lines": 0}, "missing_lines": [34, 36, 40, 41, 43, 45, 46, 52, 56, 60, 66, 67, 68, 71, 72, 76, 77, 81, 85, 86, 87, 92, 93, 96, 97, 98, 101, 102, 103, 106, 107, 109, 113, 118, 119, 123, 124, 125], "excluded_lines": []}, "": {"executed_lines": [4, 6, 7, 8, 11, 14, 15], "summary": {"covered_lines": 7, "num_statements": 7, "percent_covered": 100.0, "percent_covered_display": "100", "missing_lines": 0, "excluded_lines": 0}, "missing_lines": [], "excluded_lines": []}}, "classes": {"": {"executed_lines": [4, 6, 7, 8, 11, 14, 15], "summary": {"covered_lines": 7, "num_statements": 45, "percent_covered": 15.555555555555555, "percent_covered_display": "16", "missing_lines": 38, "excluded_lines": 0}, "missing_lines": [34, 36, 40, 41, 43, 45, 46, 52, 56, 60, 66, 67, 68, 71, 72, 76, 77, 81, 85, 86, 87, 92, 93, 96, 97, 98, 101, 102, 103, 106, 107, 109, 113, 118, 119, 123, 124, 125], "excluded_lines": []}}}, "src/writeit/cli/commands/pipeline.py": {"executed_lines": [4, 5, 7, 8, 9, 14, 20, 21, 24, 27, 29, 31, 38, 41, 42, 48, 49, 51, 53, 54, 57, 63, 75, 76, 77, 82, 85, 86, 89, 98, 99], "summary": {"covered_lines": 31, "num_statements": 85, "percent_covered": 36.470588235294116, "percent_covered_display": "36", "missing_lines": 54, "excluded_lines": 0}, "missing_lines": [32, 36, 64, 65, 66, 69, 72, 93, 94, 95, 138, 139, 141, 143, 144, 147, 150, 157, 158, 160, 163, 165, 168, 171, 172, 177, 178, 181, 184, 186, 187, 188, 190, 191, 192, 193, 194, 197, 200, 201, 202, 203, 206, 207, 208, 210, 211, 212, 213, 214, 215, 217, 218, 219], "excluded_lines": [], "functions": {"get_workspace_manager": {"executed_lines": [29, 31, 38], "summary": {"covered_lines": 3, "num_statements": 5, "percent_covered": 60.0, "percent_covered_display": "60", "missing_lines": 2, "excluded_lines": 0}, "missing_lines": [32, 36], "excluded_lines": []}, "list_pipelines": {"executed_lines": [48, 49, 51, 53, 54, 57, 63, 75, 76, 77, 82, 85, 86, 89], "summary": {"covered_lines": 14, "num_statements": 22, "percent_covered": 63.63636363636363, "percent_covered_display": "64", "missing_lines": 8, "excluded_lines": 0}, "missing_lines": [64, 65, 66, 69, 72, 93, 94, 95], "excluded_lines": []}, "run": {"executed_lines": [], "summary": {"covered_lines": 0, "num_statements": 44, "percent_covered": 0.0, "percent_covered_display": "0", "missing_lines": 44, "excluded_lines": 0}, "missing_lines": [138, 139, 141, 143, 144, 147, 150, 157, 158, 160, 163, 165, 168, 171, 172, 177, 178, 181, 184, 186, 187, 188, 190, 191, 192, 193, 194, 197, 200, 201, 202, 203, 206, 207, 208, 210, 211, 212, 213, 214, 215, 217, 218, 219], "excluded_lines": []}, "": {"executed_lines": [4, 5, 7, 8, 9, 14, 20, 21, 24, 27, 41, 42, 98, 99], "summary": {"covered_lines": 14, "num_statements": 14, "percent_covered": 100.0, "percent_covered_display": "100", "missing_lines": 0, "excluded_lines": 0}, "missing_lines": [], "excluded_lines": []}}, "classes": {"": {"executed_lines": [4, 5, 7, 8, 9, 14, 20, 21, 24, 27, 29, 31, 38, 41, 42, 48, 49, 51, 53, 54, 57, 63, 75, 76, 77, 82, 85, 86, 89, 98, 99], "summary": {"covered_lines": 31, "num_statements": 85, "percent_covered": 36.470588235294116, "percent_covered_display": "36", "missing_lines": 54, "excluded_lines": 0}, "missing_lines": [32, 36, 64, 65, 66, 69, 72, 93, 94, 95, 138, 139, 141, 143, 144, 147, 150, 157, 158, 160, 163, 165, 168, 171, 172, 177, 178, 181, 184, 186, 187, 188, 190, 191, 192, 193, 194, 197, 200, 201, 202, 203, 206, 207, 208, 210, 211, 212, 213, 214, 215, 217, 218, 219], "excluded_lines": []}}}, "src/writeit/cli/commands/style.py": {"executed_lines": [4, 5, 6, 8, 9, 14, 15, 22, 23, 26, 29, 31, 33, 40, 43, 45, 46, 49, 50, 95, 96, 99, 100, 101, 103, 104, 107, 108, 109, 117, 118, 119, 120, 121, 125, 132, 134, 135, 138, 139, 140, 143, 146, 229, 246, 247, 255, 256, 257, 258, 259, 272, 273, 304, 305, 308, 314, 318, 321, 322, 324, 328, 331, 337, 338, 339, 342, 343, 344, 349, 352, 353, 356, 365, 366, 404, 405, 408, 409, 410, 412, 413, 416, 425, 426, 427, 428, 429, 430, 431], "summary": {"covered_lines": 90, "num_statements": 112, "percent_covered": 80.35714285714286, "percent_covered_display": "80", "missing_lines": 22, "excluded_lines": 0}, "missing_lines": [34, 38, 127, 128, 129, 263, 264, 265, 267, 268, 269, 315, 316, 360, 361, 362, 433, 434, 435, 436, 437, 438], "excluded_lines": [], "functions": {"get_workspace_manager": {"executed_lines": [31, 33, 40], "summary": {"covered_lines": 3, "num_statements": 5, "percent_covered": 60.0, "percent_covered_display": "60", "missing_lines": 2, "excluded_lines": 0}, "missing_lines": [34, 38], "excluded_lines": []}, "get_template_manager": {"executed_lines": [45, 46], "summary": {"covered_lines": 2, "num_statements": 2, "percent_covered": 100.0, "percent_covered_display": "100", "missing_lines": 0, "excluded_lines": 0}, "missing_lines": [], "excluded_lines": []}, "create": {"executed_lines": [95, 96, 99, 100, 101, 103, 104, 107, 108, 109, 117, 118, 119, 120, 121, 125, 132, 134, 135, 138, 139, 140, 143, 146, 229, 246, 247, 255, 256, 257, 258, 259], "summary": {"covered_lines": 32, "num_statements": 41, "percent_covered": 78.04878048780488, "percent_covered_display": "78", "missing_lines": 9, "excluded_lines": 0}, "missing_lines": [127, 128, 129, 263, 264, 265, 267, 268, 269], "excluded_lines": []}, "list_styles": {"executed_lines": [304, 305, 308, 314, 318, 321, 322, 324, 328, 331, 337, 338, 339, 342, 343, 344, 349, 352, 353, 356], "summary": {"covered_lines": 20, "num_statements": 25, "percent_covered": 80.0, "percent_covered_display": "80", "missing_lines": 5, "excluded_lines": 0}, "missing_lines": [315, 316, 360, 361, 362], "excluded_lines": []}, "copy": {"executed_lines": [404, 405, 408, 409, 410, 412, 413, 416, 425, 426, 427, 428, 429, 430, 431], "summary": {"covered_lines": 15, "num_statements": 21, "percent_covered": 71.42857142857143, "percent_covered_display": "71", "missing_lines": 6, "excluded_lines": 0}, "missing_lines": [433, 434, 435, 436, 437, 438], "excluded_lines": []}, "": {"executed_lines": [4, 5, 6, 8, 9, 14, 15, 22, 23, 26, 29, 43, 49, 50, 272, 273, 365, 366], "summary": {"covered_lines": 18, "num_statements": 18, "percent_covered": 100.0, "percent_covered_display": "100", "missing_lines": 0, "excluded_lines": 0}, "missing_lines": [], "excluded_lines": []}}, "classes": {"": {"executed_lines": [4, 5, 6, 8, 9, 14, 15, 22, 23, 26, 29, 31, 33, 40, 43, 45, 46, 49, 50, 95, 96, 99, 100, 101, 103, 104, 107, 108, 109, 117, 118, 119, 120, 121, 125, 132, 134, 135, 138, 139, 140, 143, 146, 229, 246, 247, 255, 256, 257, 258, 259, 272, 273, 304, 305, 308, 314, 318, 321, 322, 324, 328, 331, 337, 338, 339, 342, 343, 344, 349, 352, 353, 356, 365, 366, 404, 405, 408, 409, 410, 412, 413, 416, 425, 426, 427, 428, 429, 430, 431], "summary": {"covered_lines": 90, "num_statements": 112, "percent_covered": 80.35714285714286, "percent_covered_display": "80", "missing_lines": 22, "excluded_lines": 0}, "missing_lines": [34, 38, 127, 128, 129, 263, 264, 265, 267, 268, 269, 315, 316, 360, 361, 362, 433, 434, 435, 436, 437, 438], "excluded_lines": []}}}, "src/writeit/cli/commands/template.py": {"executed_lines": [4, 5, 6, 8, 9, 14, 15, 22, 23, 26, 31, 33, 35, 36, 40, 42, 45, 47, 48, 51, 52, 99, 100, 103, 104, 105, 107, 108, 111, 112, 113, 121, 122, 123, 124, 125, 129, 136, 138, 139, 142, 143, 144, 145, 148, 253, 278, 279, 287, 288, 289, 290, 291, 295, 296, 297, 299, 300, 301, 304, 305, 336, 337, 340, 346, 347, 348, 350, 353, 354, 356, 360, 363, 369, 370, 371, 374, 375, 376, 381, 384, 385, 388, 392, 393, 394, 397, 398, 436, 437, 440, 441, 442, 444, 445, 448, 457, 458, 459, 460, 461, 462, 463, 465, 466, 467], "summary": {"covered_lines": 106, "num_statements": 112, "percent_covered": 94.64285714285714, "percent_covered_display": "95", "missing_lines": 6, "excluded_lines": 0}, "missing_lines": [131, 132, 133, 468, 469, 470], "excluded_lines": [], "functions": {"get_workspace_manager": {"executed_lines": [33, 35, 36, 40, 42], "summary": {"covered_lines": 5, "num_statements": 5, "percent_covered": 100.0, "percent_covered_display": "100", "missing_lines": 0, "excluded_lines": 0}, "missing_lines": [], "excluded_lines": []}, "get_template_manager": {"executed_lines": [47, 48], "summary": {"covered_lines": 2, "num_statements": 2, "percent_covered": 100.0, "percent_covered_display": "100", "missing_lines": 0, "excluded_lines": 0}, "missing_lines": [], "excluded_lines": []}, "create": {"executed_lines": [99, 100, 103, 104, 105, 107, 108, 111, 112, 113, 121, 122, 123, 124, 125, 129, 136, 138, 139, 142, 143, 144, 145, 148, 253, 278, 279, 287, 288, 289, 290, 291, 295, 296, 297, 299, 300, 301], "summary": {"covered_lines": 38, "num_statements": 41, "percent_covered": 92.6829268292683, "percent_covered_display": "93", "missing_lines": 3, "excluded_lines": 0}, "missing_lines": [131, 132, 133], "excluded_lines": []}, "list_templates": {"executed_lines": [336, 337, 340, 346, 347, 348, 350, 353, 354, 356, 360, 363, 369, 370, 371, 374, 375, 376, 381, 384, 385, 388, 392, 393, 394], "summary": {"covered_lines": 25, "num_statements": 25, "percent_covered": 100.0, "percent_covered_display": "100", "missing_lines": 0, "excluded_lines": 0}, "missing_lines": [], "excluded_lines": []}, "copy": {"executed_lines": [436, 437, 440, 441, 442, 444, 445, 448, 457, 458, 459, 460, 461, 462, 463, 465, 466, 467], "summary": {"covered_lines": 18, "num_statements": 21, "percent_covered": 85.71428571428571, "percent_covered_display": "86", "missing_lines": 3, "excluded_lines": 0}, "missing_lines": [468, 469, 470], "excluded_lines": []}, "": {"executed_lines": [4, 5, 6, 8, 9, 14, 15, 22, 23, 26, 31, 45, 51, 52, 304, 305, 397, 398], "summary": {"covered_lines": 18, "num_statements": 18, "percent_covered": 100.0, "percent_covered_display": "100", "missing_lines": 0, "excluded_lines": 0}, "missing_lines": [], "excluded_lines": []}}, "classes": {"": {"executed_lines": [4, 5, 6, 8, 9, 14, 15, 22, 23, 26, 31, 33, 35, 36, 40, 42, 45, 47, 48, 51, 52, 99, 100, 103, 104, 105, 107, 108, 111, 112, 113, 121, 122, 123, 124, 125, 129, 136, 138, 139, 142, 143, 144, 145, 148, 253, 278, 279, 287, 288, 289, 290, 291, 295, 296, 297, 299, 300, 301, 304, 305, 336, 337, 340, 346, 347, 348, 350, 353, 354, 356, 360, 363, 369, 370, 371, 374, 375, 376, 381, 384, 385, 388, 392, 393, 394, 397, 398, 436, 437, 440, 441, 442, 444, 445, 448, 457, 458, 459, 460, 461, 462, 463, 465, 466, 467], "summary": {"covered_lines": 106, "num_statements": 112, "percent_covered": 94.64285714285714, "percent_covered_display": "95", "missing_lines": 6, "excluded_lines": 0}, "missing_lines": [131, 132, 133, 468, 469, 470], "excluded_lines": []}}}, "src/writeit/cli/commands/validate.py": {"executed_lines": [4, 5, 6, 7, 9, 10, 11, 16, 17, 24, 27, 28, 29, 30, 33, 40, 42, 44, 51, 54, 62, 65, 68, 79, 80, 83, 84, 93, 95, 97, 100, 104, 111, 112, 113, 114, 115, 118, 124, 131, 138, 144, 145, 151, 157, 158, 222, 223, 225, 227, 228, 230, 233, 234, 237, 238, 241, 242, 250, 255, 260, 261, 262, 263, 270, 275, 281, 282, 283, 290, 297, 302, 310, 315, 316, 322], "summary": {"covered_lines": 76, "num_statements": 122, "percent_covered": 62.295081967213115, "percent_covered_display": "62", "missing_lines": 46, "excluded_lines": 0}, "missing_lines": [45, 49, 69, 72, 75, 76, 87, 90, 101, 108, 146, 147, 148, 149, 153, 154, 244, 245, 247, 256, 257, 264, 267, 276, 277, 278, 284, 285, 287, 288, 292, 293, 294, 298, 299, 303, 304, 305, 306, 307, 308, 317, 320, 326, 327, 328], "excluded_lines": [], "functions": {"get_workspace_manager": {"executed_lines": [42, 44, 51], "summary": {"covered_lines": 3, "num_statements": 5, "percent_covered": 60.0, "percent_covered_display": "60", "missing_lines": 2, "excluded_lines": 0}, "missing_lines": [45, 49], "excluded_lines": []}, "resolve_template_path": {"executed_lines": [62, 65, 68, 79, 80, 83, 84], "summary": {"covered_lines": 7, "num_statements": 13, "percent_covered": 53.84615384615385, "percent_covered_display": "54", "missing_lines": 6, "excluded_lines": 0}, "missing_lines": [69, 72, 75, 76, 87, 90], "excluded_lines": []}, "detect_file_type": {"executed_lines": [95, 97, 100, 104, 111, 112, 113, 114, 115, 118, 124, 131, 138, 144, 145, 151], "summary": {"covered_lines": 16, "num_statements": 24, "percent_covered": 66.66666666666667, "percent_covered_display": "67", "missing_lines": 8, "excluded_lines": 0}, "missing_lines": [101, 108, 146, 147, 148, 149, 153, 154], "excluded_lines": []}, "validate": {"executed_lines": [222, 223, 225, 227, 228, 230, 233, 234, 237, 238, 241, 242, 250, 255, 260, 261, 262, 263, 270, 275, 281, 282, 283, 290, 297, 302, 310, 315, 316, 322], "summary": {"covered_lines": 30, "num_statements": 60, "percent_covered": 50.0, "percent_covered_display": "50", "missing_lines": 30, "excluded_lines": 0}, "missing_lines": [244, 245, 247, 256, 257, 264, 267, 276, 277, 278, 284, 285, 287, 288, 292, 293, 294, 298, 299, 303, 304, 305, 306, 307, 308, 317, 320, 326, 327, 328], "excluded_lines": []}, "": {"executed_lines": [4, 5, 6, 7, 9, 10, 11, 16, 17, 24, 27, 28, 29, 30, 33, 40, 54, 93, 157, 158], "summary": {"covered_lines": 20, "num_statements": 20, "percent_covered": 100.0, "percent_covered_display": "100", "missing_lines": 0, "excluded_lines": 0}, "missing_lines": [], "excluded_lines": []}}, "classes": {"FileType": {"executed_lines": [], "summary": {"covered_lines": 0, "num_statements": 0, "percent_covered": 100.0, "percent_covered_display": "100", "missing_lines": 0, "excluded_lines": 0}, "missing_lines": [], "excluded_lines": []}, "": {"executed_lines": [4, 5, 6, 7, 9, 10, 11, 16, 17, 24, 27, 28, 29, 30, 33, 40, 42, 44, 51, 54, 62, 65, 68, 79, 80, 83, 84, 93, 95, 97, 100, 104, 111, 112, 113, 114, 115, 118, 124, 131, 138, 144, 145, 151, 157, 158, 222, 223, 225, 227, 228, 230, 233, 234, 237, 238, 241, 242, 250, 255, 260, 261, 262, 263, 270, 275, 281, 282, 283, 290, 297, 302, 310, 315, 316, 322], "summary": {"covered_lines": 76, "num_statements": 122, "percent_covered": 62.295081967213115, "percent_covered_display": "62", "missing_lines": 46, "excluded_lines": 0}, "missing_lines": [45, 49, 69, 72, 75, 76, 87, 90, 101, 108, 146, 147, 148, 149, 153, 154, 244, 245, 247, 256, 257, 264, 267, 276, 277, 278, 284, 285, 287, 288, 292, 293, 294, 298, 299, 303, 304, 305, 306, 307, 308, 317, 320, 326, 327, 328], "excluded_lines": []}}}, "src/writeit/cli/commands/workspace.py": {"executed_lines": [4, 5, 7, 8, 9, 19, 22, 27, 29, 31, 38, 41, 42, 59, 61, 62, 63, 65, 77, 78, 112, 113, 126, 128, 129, 130, 148, 149, 217, 218], "summary": {"covered_lines": 30, "num_statements": 119, "percent_covered": 25.210084033613445, "percent_covered_display": "25", "missing_lines": 89, "excluded_lines": 0}, "missing_lines": [32, 36, 66, 67, 69, 70, 71, 72, 73, 74, 84, 86, 87, 88, 90, 91, 92, 95, 98, 99, 102, 105, 107, 108, 109, 132, 133, 136, 137, 138, 139, 140, 142, 143, 144, 145, 170, 172, 174, 175, 176, 177, 180, 181, 182, 186, 189, 190, 192, 195, 196, 200, 203, 204, 206, 207, 209, 210, 211, 212, 213, 214, 242, 244, 246, 249, 250, 253, 254, 255, 256, 257, 260, 261, 264, 267, 268, 269, 271, 272, 275, 276, 277, 278, 279, 281, 282, 283, 284], "excluded_lines": [], "functions": {"get_workspace_manager": {"executed_lines": [29, 31, 38], "summary": {"covered_lines": 3, "num_statements": 5, "percent_covered": 60.0, "percent_covered_display": "60", "missing_lines": 2, "excluded_lines": 0}, "missing_lines": [32, 36], "excluded_lines": []}, "create": {"executed_lines": [59, 61, 62, 63, 65], "summary": {"covered_lines": 5, "num_statements": 13, "percent_covered": 38.46153846153846, "percent_covered_display": "38", "missing_lines": 8, "excluded_lines": 0}, "missing_lines": [66, 67, 69, 70, 71, 72, 73, 74], "excluded_lines": []}, "list_workspaces": {"executed_lines": [], "summary": {"covered_lines": 0, "num_statements": 15, "percent_covered": 0.0, "percent_covered_display": "0", "missing_lines": 15, "excluded_lines": 0}, "missing_lines": [84, 86, 87, 88, 90, 91, 92, 95, 98, 99, 102, 105, 107, 108, 109], "excluded_lines": []}, "use": {"executed_lines": [126, 128, 129, 130], "summary": {"covered_lines": 4, "num_statements": 15, "percent_covered": 26.666666666666668, "percent_covered_display": "27", "missing_lines": 11, "excluded_lines": 0}, "missing_lines": [132, 133, 136, 137, 138, 139, 140, 142, 143, 144, 145], "excluded_lines": []}, "remove": {"executed_lines": [], "summary": {"covered_lines": 0, "num_statements": 26, "percent_covered": 0.0, "percent_covered_display": "0", "missing_lines": 26, "excluded_lines": 0}, "missing_lines": [170, 172, 174, 175, 176, 177, 180, 181, 182, 186, 189, 190, 192, 195, 196, 200, 203, 204, 206, 207, 209, 210, 211, 212, 213, 214], "excluded_lines": []}, "info": {"executed_lines": [], "summary": {"covered_lines": 0, "num_statements": 27, "percent_covered": 0.0, "percent_covered_display": "0", "missing_lines": 27, "excluded_lines": 0}, "missing_lines": [242, 244, 246, 249, 250, 253, 254, 255, 256, 257, 260, 261, 264, 267, 268, 269, 271, 272, 275, 276, 277, 278, 279, 281, 282, 283, 284], "excluded_lines": []}, "": {"executed_lines": [4, 5, 7, 8, 9, 19, 22, 27, 41, 42, 77, 78, 112, 113, 148, 149, 217, 218], "summary": {"covered_lines": 18, "num_statements": 18, "percent_covered": 100.0, "percent_covered_display": "100", "missing_lines": 0, "excluded_lines": 0}, "missing_lines": [], "excluded_lines": []}}, "classes": {"": {"executed_lines": [4, 5, 7, 8, 9, 19, 22, 27, 29, 31, 38, 41, 42, 59, 61, 62, 63, 65, 77, 78, 112, 113, 126, 128, 129, 130, 148, 149, 217, 218], "summary": {"covered_lines": 30, "num_statements": 119, "percent_covered": 25.210084033613445, "percent_covered_display": "25", "missing_lines": 89, "excluded_lines": 0}, "missing_lines": [32, 36, 66, 67, 69, 70, 71, 72, 73, 74, 84, 86, 87, 88, 90, 91, 92, 95, 98, 99, 102, 105, 107, 108, 109, 132, 133, 136, 137, 138, 139, 140, 142, 143, 144, 145, 170, 172, 174, 175, 176, 177, 180, 181, 182, 186, 189, 190, 192, 195, 196, 200, 203, 204, 206, 207, 209, 210, 211, 212, 213, 214, 242, 244, 246, 249, 250, 253, 254, 255, 256, 257, 260, 261, 264, 267, 268, 269, 271, 272, 275, 276, 277, 278, 279, 281, 282, 283, 284], "excluded_lines": []}}}, "src/writeit/cli/completion.py": {"executed_lines": [4, 5, 7, 8, 15, 28, 56, 96, 135], "summary": {"covered_lines": 9, "num_statements": 82, "percent_covered": 10.975609756097562, "percent_covered_display": "11", "missing_lines": 73, "excluded_lines": 0}, "missing_lines": [17, 18, 19, 20, 22, 23, 24, 25, 30, 31, 32, 33, 35, 38, 39, 40, 41, 44, 51, 52, 53, 58, 59, 60, 61, 63, 66, 67, 68, 69, 71, 74, 79, 82, 87, 90, 91, 92, 93, 98, 99, 102, 104, 107, 108, 111, 113, 114, 117, 118, 119, 120, 121, 122, 123, 125, 126, 128, 129, 131, 132, 137, 138, 139, 142, 144, 146, 225, 258, 260, 261, 263, 264], "excluded_lines": [], "functions": {"complete_workspace_name": {"executed_lines": [], "summary": {"covered_lines": 0, "num_statements": 8, "percent_covered": 0.0, "percent_covered_display": "0", "missing_lines": 8, "excluded_lines": 0}, "missing_lines": [17, 18, 19, 20, 22, 23, 24, 25], "excluded_lines": []}, "complete_pipeline_name": {"executed_lines": [], "summary": {"covered_lines": 0, "num_statements": 13, "percent_covered": 0.0, "percent_covered_display": "0", "missing_lines": 13, "excluded_lines": 0}, "missing_lines": [30, 31, 32, 33, 35, 38, 39, 40, 41, 44, 51, 52, 53], "excluded_lines": []}, "complete_template_name": {"executed_lines": [], "summary": {"covered_lines": 0, "num_statements": 18, "percent_covered": 0.0, "percent_covered_display": "0", "missing_lines": 18, "excluded_lines": 0}, "missing_lines": [58, 59, 60, 61, 63, 66, 67, 68, 69, 71, 74, 79, 82, 87, 90, 91, 92, 93], "excluded_lines": []}, "install_completion": {"executed_lines": [], "summary": {"covered_lines": 0, "num_statements": 22, "percent_covered": 0.0, "percent_covered_display": "0", "missing_lines": 22, "excluded_lines": 0}, "missing_lines": [98, 99, 102, 104, 107, 108, 111, 113, 114, 117, 118, 119, 120, 121, 122, 123, 125, 126, 128, 129, 131, 132], "excluded_lines": []}, "show_completion": {"executed_lines": [], "summary": {"covered_lines": 0, "num_statements": 12, "percent_covered": 0.0, "percent_covered_display": "0", "missing_lines": 12, "excluded_lines": 0}, "missing_lines": [137, 138, 139, 142, 144, 146, 225, 258, 260, 261, 263, 264], "excluded_lines": []}, "": {"executed_lines": [4, 5, 7, 8, 15, 28, 56, 96, 135], "summary": {"covered_lines": 9, "num_statements": 9, "percent_covered": 100.0, "percent_covered_display": "100", "missing_lines": 0, "excluded_lines": 0}, "missing_lines": [], "excluded_lines": []}}, "classes": {"": {"executed_lines": [4, 5, 7, 8, 15, 28, 56, 96, 135], "summary": {"covered_lines": 9, "num_statements": 82, "percent_covered": 10.975609756097562, "percent_covered_display": "11", "missing_lines": 73, "excluded_lines": 0}, "missing_lines": [17, 18, 19, 20, 22, 23, 24, 25, 30, 31, 32, 33, 35, 38, 39, 40, 41, 44, 51, 52, 53, 58, 59, 60, 61, 63, 66, 67, 68, 69, 71, 74, 79, 82, 87, 90, 91, 92, 93, 98, 99, 102, 104, 107, 108, 111, 113, 114, 117, 118, 119, 120, 121, 122, 123, 125, 126, 128, 129, 131, 132, 137, 138, 139, 142, 144, 146, 225, 258, 260, 261, 263, 264], "excluded_lines": []}}}, "src/writeit/cli/main.py": {"executed_lines": [4, 5, 7, 8, 9, 10, 14, 15, 16, 17, 22, 24, 25, 26, 27, 28, 29, 30, 32, 33, 36, 64], "summary": {"covered_lines": 22, "num_statements": 39, "percent_covered": 56.41025641025641, "percent_covered_display": "56", "missing_lines": 17, "excluded_lines": 0}, "missing_lines": [38, 40, 42, 43, 45, 47, 48, 50, 51, 52, 53, 55, 56, 58, 60, 61, 65], "excluded_lines": [], "functions": {"main": {"executed_lines": [], "summary": {"covered_lines": 0, "num_statements": 16, "percent_covered": 0.0, "percent_covered_display": "0", "missing_lines": 16, "excluded_lines": 0}, "missing_lines": [38, 40, 42, 43, 45, 47, 48, 50, 51, 52, 53, 55, 56, 58, 60, 61], "excluded_lines": []}, "": {"executed_lines": [4, 5, 7, 8, 9, 10, 14, 15, 16, 17, 22, 24, 25, 26, 27, 28, 29, 30, 32, 33, 36, 64], "summary": {"covered_lines": 22, "num_statements": 23, "percent_covered": 95.65217391304348, "percent_covered_display": "96", "missing_lines": 1, "excluded_lines": 0}, "missing_lines": [65], "excluded_lines": []}}, "classes": {"": {"executed_lines": [4, 5, 7, 8, 9, 10, 14, 15, 16, 17, 22, 24, 25, 26, 27, 28, 29, 30, 32, 33, 36, 64], "summary": {"covered_lines": 22, "num_statements": 39, "percent_covered": 56.41025641025641, "percent_covered_display": "56", "missing_lines": 17, "excluded_lines": 0}, "missing_lines": [38, 40, 42, 43, 45, 47, 48, 50, 51, 52, 53, 55, 56, 58, 60, 61, 65], "excluded_lines": []}}}, "src/writeit/cli/output.py": {"executed_lines": [4, 5, 7, 8, 9, 10, 17, 18, 19, 20, 22, 30, 46, 49, 51, 57, 60, 62, 63, 66, 68, 71, 73, 79, 82, 93, 104, 129, 156, 158, 159, 160, 162, 163, 165, 168, 174, 176, 179, 183, 184, 189, 219, 246, 264, 290, 300], "summary": {"covered_lines": 47, "num_statements": 149, "percent_covered": 31.543624161073826, "percent_covered_display": "32", "missing_lines": 102, "excluded_lines": 0}, "missing_lines": [52, 55, 74, 77, 84, 85, 88, 90, 95, 108, 109, 110, 112, 113, 114, 115, 116, 118, 119, 120, 122, 126, 133, 134, 135, 138, 139, 140, 141, 143, 144, 146, 149, 150, 151, 153, 186, 190, 191, 195, 197, 198, 199, 201, 202, 205, 206, 207, 209, 210, 212, 214, 215, 216, 222, 223, 224, 225, 226, 227, 229, 230, 233, 234, 235, 236, 237, 239, 242, 243, 250, 251, 252, 259, 260, 261, 266, 267, 269, 270, 271, 272, 273, 275, 276, 278, 279, 280, 282, 283, 285, 287, 292, 293, 295, 297, 302, 303, 305, 307, 308, 310], "excluded_lines": [], "functions": {"print_success": {"executed_lines": [51, 57], "summary": {"covered_lines": 2, "num_statements": 4, "percent_covered": 50.0, "percent_covered_display": "50", "missing_lines": 2, "excluded_lines": 0}, "missing_lines": [52, 55], "excluded_lines": []}, "print_error": {"executed_lines": [62, 63, 66, 68], "summary": {"covered_lines": 4, "num_statements": 4, "percent_covered": 100.0, "percent_covered_display": "100", "missing_lines": 0, "excluded_lines": 0}, "missing_lines": [], "excluded_lines": []}, "print_warning": {"executed_lines": [73, 79], "summary": {"covered_lines": 2, "num_statements": 4, "percent_covered": 50.0, "percent_covered_display": "50", "missing_lines": 2, "excluded_lines": 0}, "missing_lines": [74, 77], "excluded_lines": []}, "print_info": {"executed_lines": [], "summary": {"covered_lines": 0, "num_statements": 4, "percent_covered": 0.0, "percent_covered_display": "0", "missing_lines": 4, "excluded_lines": 0}, "missing_lines": [84, 85, 88, 90], "excluded_lines": []}, "create_progress": {"executed_lines": [], "summary": {"covered_lines": 0, "num_statements": 1, "percent_covered": 0.0, "percent_covered_display": "0", "missing_lines": 1, "excluded_lines": 0}, "missing_lines": [95], "excluded_lines": []}, "create_workspace_table": {"executed_lines": [], "summary": {"covered_lines": 0, "num_statements": 13, "percent_covered": 0.0, "percent_covered_display": "0", "missing_lines": 13, "excluded_lines": 0}, "missing_lines": [108, 109, 110, 112, 113, 114, 115, 116, 118, 119, 120, 122, 126], "excluded_lines": []}, "create_workspace_info_table": {"executed_lines": [], "summary": {"covered_lines": 0, "num_statements": 14, "percent_covered": 0.0, "percent_covered_display": "0", "missing_lines": 14, "excluded_lines": 0}, "missing_lines": [133, 134, 135, 138, 139, 140, 141, 143, 144, 146, 149, 150, 151, 153], "excluded_lines": []}, "create_pipeline_table": {"executed_lines": [158, 159, 160, 162, 163, 165], "summary": {"covered_lines": 6, "num_statements": 6, "percent_covered": 100.0, "percent_covered_display": "100", "missing_lines": 0, "excluded_lines": 0}, "missing_lines": [], "excluded_lines": []}, "format_validation_results": {"executed_lines": [174, 176, 179, 183, 184, 189], "summary": {"covered_lines": 6, "num_statements": 24, "percent_covered": 25.0, "percent_covered_display": "25", "missing_lines": 18, "excluded_lines": 0}, "missing_lines": [186, 190, 191, 195, 197, 198, 199, 201, 202, 205, 206, 207, 209, 210, 212, 214, 215, 216], "excluded_lines": []}, "format_validation_issue": {"executed_lines": [], "summary": {"covered_lines": 0, "num_statements": 16, "percent_covered": 0.0, "percent_covered_display": "0", "missing_lines": 16, "excluded_lines": 0}, "missing_lines": [222, 223, 224, 225, 226, 227, 229, 230, 233, 234, 235, 236, 237, 239, 242, 243], "excluded_lines": []}, "show_yaml_with_highlighting": {"executed_lines": [], "summary": {"covered_lines": 0, "num_statements": 6, "percent_covered": 0.0, "percent_covered_display": "0", "missing_lines": 6, "excluded_lines": 0}, "missing_lines": [250, 251, 252, 259, 260, 261], "excluded_lines": []}, "create_directory_tree": {"executed_lines": [], "summary": {"covered_lines": 0, "num_statements": 7, "percent_covered": 0.0, "percent_covered_display": "0", "missing_lines": 7, "excluded_lines": 0}, "missing_lines": [266, 267, 269, 282, 283, 285, 287], "excluded_lines": []}, "create_directory_tree.add_directory": {"executed_lines": [], "summary": {"covered_lines": 0, "num_statements": 9, "percent_covered": 0.0, "percent_covered_display": "0", "missing_lines": 9, "excluded_lines": 0}, "missing_lines": [270, 271, 272, 273, 275, 276, 278, 279, 280], "excluded_lines": []}, "prompt_with_style": {"executed_lines": [], "summary": {"covered_lines": 0, "num_statements": 4, "percent_covered": 0.0, "percent_covered_display": "0", "missing_lines": 4, "excluded_lines": 0}, "missing_lines": [292, 293, 295, 297], "excluded_lines": []}, "confirm_with_style": {"executed_lines": [], "summary": {"covered_lines": 0, "num_statements": 6, "percent_covered": 0.0, "percent_covered_display": "0", "missing_lines": 6, "excluded_lines": 0}, "missing_lines": [302, 303, 305, 307, 308, 310], "excluded_lines": []}, "": {"executed_lines": [4, 5, 7, 8, 9, 10, 17, 18, 19, 20, 22, 30, 46, 49, 60, 71, 82, 93, 104, 129, 156, 168, 219, 246, 264, 290, 300], "summary": {"covered_lines": 27, "num_statements": 27, "percent_covered": 100.0, "percent_covered_display": "100", "missing_lines": 0, "excluded_lines": 0}, "missing_lines": [], "excluded_lines": []}}, "classes": {"": {"executed_lines": [4, 5, 7, 8, 9, 10, 17, 18, 19, 20, 22, 30, 46, 49, 51, 57, 60, 62, 63, 66, 68, 71, 73, 79, 82, 93, 104, 129, 156, 158, 159, 160, 162, 163, 165, 168, 174, 176, 179, 183, 184, 189, 219, 246, 264, 290, 300], "summary": {"covered_lines": 47, "num_statements": 149, "percent_covered": 31.543624161073826, "percent_covered_display": "32", "missing_lines": 102, "excluded_lines": 0}, "missing_lines": [52, 55, 74, 77, 84, 85, 88, 90, 95, 108, 109, 110, 112, 113, 114, 115, 116, 118, 119, 120, 122, 126, 133, 134, 135, 138, 139, 140, 141, 143, 144, 146, 149, 150, 151, 153, 186, 190, 191, 195, 197, 198, 199, 201, 202, 205, 206, 207, 209, 210, 212, 214, 215, 216, 222, 223, 224, 225, 226, 227, 229, 230, 233, 234, 235, 236, 237, 239, 242, 243, 250, 251, 252, 259, 260, 261, 266, 267, 269, 270, 271, 272, 273, 275, 276, 278, 279, 280, 282, 283, 285, 287, 292, 293, 295, 297, 302, 303, 305, 307, 308, 310], "excluded_lines": []}}}, "src/writeit/cli/pipeline_runner.py": {"executed_lines": [], "summary": {"covered_lines": 0, "num_statements": 255, "percent_covered": 0.0, "percent_covered_display": "0", "missing_lines": 255, "excluded_lines": 0}, "missing_lines": [4, 5, 6, 7, 8, 9, 11, 12, 13, 14, 15, 16, 18, 19, 22, 23, 26, 27, 28, 29, 30, 31, 32, 33, 34, 37, 38, 41, 42, 43, 44, 45, 46, 47, 48, 49, 52, 53, 56, 57, 58, 59, 62, 65, 66, 67, 68, 69, 70, 71, 74, 75, 76, 77, 79, 81, 82, 83, 86, 87, 88, 103, 104, 105, 119, 126, 127, 128, 130, 132, 133, 135, 136, 139, 140, 142, 144, 145, 146, 147, 150, 151, 153, 155, 158, 159, 162, 163, 164, 165, 166, 167, 168, 169, 172, 174, 176, 177, 178, 180, 187, 188, 191, 193, 195, 197, 198, 202, 203, 204, 205, 206, 207, 208, 210, 213, 214, 216, 218, 220, 221, 223, 224, 225, 230, 231, 233, 234, 235, 236, 237, 239, 242, 243, 245, 247, 249, 251, 252, 253, 256, 257, 258, 260, 264, 265, 268, 270, 271, 272, 275, 278, 279, 281, 283, 285, 288, 290, 296, 299, 302, 307, 308, 313, 317, 320, 321, 322, 323, 324, 326, 327, 330, 331, 332, 333, 334, 335, 337, 340, 341, 342, 343, 345, 347, 352, 355, 357, 358, 359, 361, 363, 370, 371, 376, 378, 380, 381, 383, 384, 385, 386, 387, 389, 392, 394, 396, 398, 401, 402, 403, 404, 407, 408, 409, 410, 411, 414, 415, 416, 417, 418, 421, 422, 423, 424, 426, 428, 431, 432, 433, 434, 435, 436, 439, 440, 441, 444, 446, 448, 450, 453, 454, 457, 458, 460, 462, 463, 466, 467, 468, 469, 472, 474, 475], "excluded_lines": [], "functions": {"CLIPipelineRunner.__init__": {"executed_lines": [], "summary": {"covered_lines": 0, "num_statements": 10, "percent_covered": 0.0, "percent_covered_display": "0", "missing_lines": 10, "excluded_lines": 0}, "missing_lines": [66, 67, 68, 69, 70, 71, 74, 75, 76, 77], "excluded_lines": []}, "CLIPipelineRunner.load_pipeline": {"executed_lines": [], "summary": {"covered_lines": 0, "num_statements": 13, "percent_covered": 0.0, "percent_covered_display": "0", "missing_lines": 13, "excluded_lines": 0}, "missing_lines": [81, 82, 83, 86, 87, 88, 103, 104, 105, 119, 126, 127, 128], "excluded_lines": []}, "CLIPipelineRunner.collect_inputs": {"executed_lines": [], "summary": {"covered_lines": 0, "num_statements": 14, "percent_covered": 0.0, "percent_covered_display": "0", "missing_lines": 14, "excluded_lines": 0}, "missing_lines": [132, 133, 135, 136, 139, 140, 142, 144, 145, 146, 147, 150, 151, 153], "excluded_lines": []}, "CLIPipelineRunner._collect_single_input": {"executed_lines": [], "summary": {"covered_lines": 0, "num_statements": 11, "percent_covered": 0.0, "percent_covered_display": "0", "missing_lines": 11, "excluded_lines": 0}, "missing_lines": [158, 159, 162, 163, 164, 165, 166, 167, 168, 169, 172], "excluded_lines": []}, "CLIPipelineRunner._collect_text_input": {"executed_lines": [], "summary": {"covered_lines": 0, "num_statements": 8, "percent_covered": 0.0, "percent_covered_display": "0", "missing_lines": 8, "excluded_lines": 0}, "missing_lines": [176, 177, 178, 180, 187, 188, 191, 193], "excluded_lines": []}, "CLIPipelineRunner._collect_textarea_input": {"executed_lines": [], "summary": {"covered_lines": 0, "num_statements": 13, "percent_covered": 0.0, "percent_covered_display": "0", "missing_lines": 13, "excluded_lines": 0}, "missing_lines": [197, 198, 202, 203, 204, 205, 206, 207, 208, 210, 213, 214, 216], "excluded_lines": []}, "CLIPipelineRunner._collect_select_input": {"executed_lines": [], "summary": {"covered_lines": 0, "num_statements": 15, "percent_covered": 0.0, "percent_covered_display": "0", "missing_lines": 15, "excluded_lines": 0}, "missing_lines": [220, 221, 223, 224, 225, 230, 231, 233, 234, 235, 236, 237, 239, 242, 243], "excluded_lines": []}, "CLIPipelineRunner._collect_radio_input": {"executed_lines": [], "summary": {"covered_lines": 0, "num_statements": 1, "percent_covered": 0.0, "percent_covered_display": "0", "missing_lines": 1, "excluded_lines": 0}, "missing_lines": [247], "excluded_lines": []}, "CLIPipelineRunner.execute_pipeline": {"executed_lines": [], "summary": {"covered_lines": 0, "num_statements": 16, "percent_covered": 0.0, "percent_covered_display": "0", "missing_lines": 16, "excluded_lines": 0}, "missing_lines": [251, 252, 253, 256, 257, 258, 260, 264, 265, 268, 270, 271, 272, 275, 278, 279], "excluded_lines": []}, "CLIPipelineRunner._execute_step": {"executed_lines": [], "summary": {"covered_lines": 0, "num_statements": 36, "percent_covered": 0.0, "percent_covered_display": "0", "missing_lines": 36, "excluded_lines": 0}, "missing_lines": [283, 285, 288, 290, 296, 299, 302, 307, 308, 313, 317, 320, 321, 322, 323, 324, 326, 327, 330, 331, 332, 333, 334, 335, 337, 340, 341, 342, 343, 345, 347, 352, 355, 357, 358, 359], "excluded_lines": []}, "CLIPipelineRunner._build_template_context": {"executed_lines": [], "summary": {"covered_lines": 0, "num_statements": 4, "percent_covered": 0.0, "percent_covered_display": "0", "missing_lines": 4, "excluded_lines": 0}, "missing_lines": [363, 370, 371, 376], "excluded_lines": []}, "CLIPipelineRunner._render_template": {"executed_lines": [], "summary": {"covered_lines": 0, "num_statements": 9, "percent_covered": 0.0, "percent_covered_display": "0", "missing_lines": 9, "excluded_lines": 0}, "missing_lines": [380, 381, 383, 384, 385, 386, 387, 389, 392], "excluded_lines": []}, "CLIPipelineRunner._build_prompt": {"executed_lines": [], "summary": {"covered_lines": 0, "num_statements": 1, "percent_covered": 0.0, "percent_covered_display": "0", "missing_lines": 1, "excluded_lines": 0}, "missing_lines": [396], "excluded_lines": []}, "CLIPipelineRunner._get_llm_model": {"executed_lines": [], "summary": {"covered_lines": 0, "num_statements": 18, "percent_covered": 0.0, "percent_covered_display": "0", "missing_lines": 18, "excluded_lines": 0}, "missing_lines": [401, 402, 403, 404, 407, 408, 409, 410, 411, 414, 415, 416, 417, 418, 421, 422, 423, 424], "excluded_lines": []}, "CLIPipelineRunner._show_pipeline_summary": {"executed_lines": [], "summary": {"covered_lines": 0, "num_statements": 11, "percent_covered": 0.0, "percent_covered_display": "0", "missing_lines": 11, "excluded_lines": 0}, "missing_lines": [428, 431, 432, 433, 434, 435, 436, 439, 440, 441, 444], "excluded_lines": []}, "CLIPipelineRunner.run": {"executed_lines": [], "summary": {"covered_lines": 0, "num_statements": 13, "percent_covered": 0.0, "percent_covered_display": "0", "missing_lines": 13, "excluded_lines": 0}, "missing_lines": [448, 450, 453, 454, 457, 458, 460, 462, 463, 466, 467, 468, 469], "excluded_lines": []}, "run_pipeline_cli": {"executed_lines": [], "summary": {"covered_lines": 0, "num_statements": 2, "percent_covered": 0.0, "percent_covered_display": "0", "missing_lines": 2, "excluded_lines": 0}, "missing_lines": [474, 475], "excluded_lines": []}, "": {"executed_lines": [], "summary": {"covered_lines": 0, "num_statements": 60, "percent_covered": 0.0, "percent_covered_display": "0", "missing_lines": 60, "excluded_lines": 0}, "missing_lines": [4, 5, 6, 7, 8, 9, 11, 12, 13, 14, 15, 16, 18, 19, 22, 23, 26, 27, 28, 29, 30, 31, 32, 33, 34, 37, 38, 41, 42, 43, 44, 45, 46, 47, 48, 49, 52, 53, 56, 57, 58, 59, 62, 65, 79, 130, 155, 174, 195, 218, 245, 249, 281, 361, 378, 394, 398, 426, 446, 472], "excluded_lines": []}}, "classes": {"PipelineInput": {"executed_lines": [], "summary": {"covered_lines": 0, "num_statements": 0, "percent_covered": 100.0, "percent_covered_display": "100", "missing_lines": 0, "excluded_lines": 0}, "missing_lines": [], "excluded_lines": []}, "PipelineStep": {"executed_lines": [], "summary": {"covered_lines": 0, "num_statements": 0, "percent_covered": 100.0, "percent_covered_display": "100", "missing_lines": 0, "excluded_lines": 0}, "missing_lines": [], "excluded_lines": []}, "PipelineConfig": {"executed_lines": [], "summary": {"covered_lines": 0, "num_statements": 0, "percent_covered": 100.0, "percent_covered_display": "100", "missing_lines": 0, "excluded_lines": 0}, "missing_lines": [], "excluded_lines": []}, "CLIPipelineRunner": {"executed_lines": [], "summary": {"covered_lines": 0, "num_statements": 193, "percent_covered": 0.0, "percent_covered_display": "0", "missing_lines": 193, "excluded_lines": 0}, "missing_lines": [66, 67, 68, 69, 70, 71, 74, 75, 76, 77, 81, 82, 83, 86, 87, 88, 103, 104, 105, 119, 126, 127, 128, 132, 133, 135, 136, 139, 140, 142, 144, 145, 146, 147, 150, 151, 153, 158, 159, 162, 163, 164, 165, 166, 167, 168, 169, 172, 176, 177, 178, 180, 187, 188, 191, 193, 197, 198, 202, 203, 204, 205, 206, 207, 208, 210, 213, 214, 216, 220, 221, 223, 224, 225, 230, 231, 233, 234, 235, 236, 237, 239, 242, 243, 247, 251, 252, 253, 256, 257, 258, 260, 264, 265, 268, 270, 271, 272, 275, 278, 279, 283, 285, 288, 290, 296, 299, 302, 307, 308, 313, 317, 320, 321, 322, 323, 324, 326, 327, 330, 331, 332, 333, 334, 335, 337, 340, 341, 342, 343, 345, 347, 352, 355, 357, 358, 359, 363, 370, 371, 376, 380, 381, 383, 384, 385, 386, 387, 389, 392, 396, 401, 402, 403, 404, 407, 408, 409, 410, 411, 414, 415, 416, 417, 418, 421, 422, 423, 424, 428, 431, 432, 433, 434, 435, 436, 439, 440, 441, 444, 448, 450, 453, 454, 457, 458, 460, 462, 463, 466, 467, 468, 469], "excluded_lines": []}, "": {"executed_lines": [], "summary": {"covered_lines": 0, "num_statements": 62, "percent_covered": 0.0, "percent_covered_display": "0", "missing_lines": 62, "excluded_lines": 0}, "missing_lines": [4, 5, 6, 7, 8, 9, 11, 12, 13, 14, 15, 16, 18, 19, 22, 23, 26, 27, 28, 29, 30, 31, 32, 33, 34, 37, 38, 41, 42, 43, 44, 45, 46, 47, 48, 49, 52, 53, 56, 57, 58, 59, 62, 65, 79, 130, 155, 174, 195, 218, 245, 249, 281, 361, 378, 394, 398, 426, 446, 472, 474, 475], "excluded_lines": []}}}, "src/writeit/docs/__init__.py": {"executed_lines": [1, 12, 13, 22, 23, 25], "summary": {"covered_lines": 5, "num_statements": 5, "percent_covered": 100.0, "percent_covered_display": "100", "missing_lines": 0, "excluded_lines": 0}, "missing_lines": [], "excluded_lines": [], "functions": {"": {"executed_lines": [1, 12, 13, 22, 23, 25], "summary": {"covered_lines": 5, "num_statements": 5, "percent_covered": 100.0, "percent_covered_display": "100", "missing_lines": 0, "excluded_lines": 0}, "missing_lines": [], "excluded_lines": []}}, "classes": {"": {"executed_lines": [1, 12, 13, 22, 23, 25], "summary": {"covered_lines": 5, "num_statements": 5, "percent_covered": 100.0, "percent_covered_display": "100", "missing_lines": 0, "excluded_lines": 0}, "missing_lines": [], "excluded_lines": []}}}, "src/writeit/docs/deployment.py": {"executed_lines": [1, 5, 6, 7, 8, 10, 11, 12, 13, 16, 17, 19, 21, 22, 23, 25, 27, 28, 29, 32, 33, 34, 36, 38, 40, 41, 42, 43, 44, 52, 56, 58, 60, 65, 67, 70, 71, 72, 73, 79, 80, 81, 84, 85, 86, 87, 90, 96, 97, 98, 101, 102, 103, 104, 107, 113, 114, 115, 118, 119, 120, 121, 127, 131, 155, 180, 182, 183, 186, 200, 201, 202, 206, 207, 210, 211, 213, 214, 215, 217, 218, 220, 222, 229, 234, 236, 239, 240, 241, 242, 244, 249, 251, 253, 254, 257, 258, 259, 263, 264, 267, 268, 269, 271, 272, 273, 275, 277, 286, 292, 293, 294, 295, 297, 301, 303, 304, 305, 306, 308, 310, 344, 381, 424, 466, 468, 470, 471, 474, 475, 482, 574, 600, 628, 651, 674, 678, 680, 683, 684, 685, 686, 687, 688, 691, 692, 693, 696, 697, 699, 700, 702, 703], "summary": {"covered_lines": 151, "num_statements": 368, "percent_covered": 41.03260869565217, "percent_covered_display": "41", "missing_lines": 217, "excluded_lines": 0}, "missing_lines": [45, 46, 50, 63, 74, 75, 76, 91, 92, 93, 108, 109, 110, 122, 123, 124, 128, 132, 133, 136, 137, 138, 142, 143, 146, 147, 148, 149, 150, 151, 152, 153, 158, 159, 162, 163, 166, 167, 170, 171, 174, 175, 178, 230, 231, 232, 237, 245, 246, 247, 287, 288, 289, 290, 298, 299, 300, 312, 313, 315, 323, 324, 325, 326, 328, 329, 330, 331, 332, 333, 335, 336, 337, 338, 339, 341, 342, 346, 347, 349, 351, 352, 353, 354, 355, 357, 358, 359, 360, 361, 362, 364, 365, 366, 367, 370, 372, 373, 374, 375, 376, 378, 379, 383, 384, 387, 388, 389, 391, 392, 395, 396, 397, 408, 409, 410, 412, 414, 416, 417, 418, 419, 421, 422, 426, 463, 464, 477, 478, 480, 484, 486, 487, 490, 515, 517, 518, 519, 522, 523, 524, 525, 526, 529, 530, 531, 532, 533, 534, 535, 536, 537, 538, 541, 546, 551, 552, 555, 556, 563, 564, 565, 566, 567, 568, 569, 571, 572, 578, 579, 582, 583, 584, 586, 590, 591, 593, 594, 596, 597, 598, 602, 604, 618, 619, 620, 622, 623, 625, 626, 630, 632, 633, 634, 637, 638, 643, 644, 645, 646, 648, 649, 655, 657, 658, 660, 661, 662, 664, 665, 666, 667, 669, 670, 671, 672, 676], "excluded_lines": [], "functions": {"DocumentationDeployment.__init__": {"executed_lines": [21, 22, 23], "summary": {"covered_lines": 3, "num_statements": 3, "percent_covered": 100.0, "percent_covered_display": "100", "missing_lines": 0, "excluded_lines": 0}, "missing_lines": [], "excluded_lines": []}, "DocumentationDeployment._initialize_template_system": {"executed_lines": [27, 28, 29, 32, 33, 34], "summary": {"covered_lines": 6, "num_statements": 6, "percent_covered": 100.0, "percent_covered_display": "100", "missing_lines": 0, "excluded_lines": 0}, "missing_lines": [], "excluded_lines": []}, "DocumentationDeployment.deploy": {"executed_lines": [38, 40, 41, 42, 43, 44], "summary": {"covered_lines": 6, "num_statements": 9, "percent_covered": 66.66666666666667, "percent_covered_display": "67", "missing_lines": 3, "excluded_lines": 0}, "missing_lines": [45, 46, 50], "excluded_lines": []}, "DocumentationDeployment._deploy_markdown_with_templates": {"executed_lines": [56, 58, 60, 65], "summary": {"covered_lines": 4, "num_statements": 5, "percent_covered": 80.0, "percent_covered_display": "80", "missing_lines": 1, "excluded_lines": 0}, "missing_lines": [63], "excluded_lines": []}, "DocumentationDeployment._deploy_with_template_system": {"executed_lines": [70, 71, 72, 73, 79, 80, 81, 84, 85, 86, 87, 90, 96, 97, 98, 101, 102, 103, 104, 107, 113, 114, 115, 118, 119, 120, 121, 127, 131], "summary": {"covered_lines": 29, "num_statements": 57, "percent_covered": 50.87719298245614, "percent_covered_display": "51", "missing_lines": 28, "excluded_lines": 0}, "missing_lines": [74, 75, 76, 91, 92, 93, 108, 109, 110, 122, 123, 124, 128, 132, 133, 136, 137, 138, 142, 143, 146, 147, 148, 149, 150, 151, 152, 153], "excluded_lines": []}, "DocumentationDeployment._deploy_markdown_fallback": {"executed_lines": [], "summary": {"covered_lines": 0, "num_statements": 11, "percent_covered": 0.0, "percent_covered_display": "0", "missing_lines": 11, "excluded_lines": 0}, "missing_lines": [158, 159, 162, 163, 166, 167, 170, 171, 174, 175, 178], "excluded_lines": []}, "DocumentationDeployment._write_api_markdown": {"executed_lines": [182, 183, 186, 200, 201, 202, 206, 207, 210, 211, 213, 214, 215, 217, 218], "summary": {"covered_lines": 15, "num_statements": 15, "percent_covered": 100.0, "percent_covered_display": "100", "missing_lines": 0, "excluded_lines": 0}, "missing_lines": [], "excluded_lines": []}, "DocumentationDeployment._generate_endpoint_markdown": {"executed_lines": [222, 229, 234, 236, 239, 240, 241, 242, 244, 249], "summary": {"covered_lines": 10, "num_statements": 17, "percent_covered": 58.8235294117647, "percent_covered_display": "59", "missing_lines": 7, "excluded_lines": 0}, "missing_lines": [230, 231, 232, 237, 245, 246, 247], "excluded_lines": []}, "DocumentationDeployment._write_module_markdown": {"executed_lines": [253, 254, 257, 258, 259, 263, 264, 267, 268, 269, 271, 272, 273], "summary": {"covered_lines": 13, "num_statements": 13, "percent_covered": 100.0, "percent_covered_display": "100", "missing_lines": 0, "excluded_lines": 0}, "missing_lines": [], "excluded_lines": []}, "DocumentationDeployment._generate_module_markdown": {"executed_lines": [277, 286, 292, 293, 294, 295, 297, 301, 303, 304, 305, 306, 308], "summary": {"covered_lines": 13, "num_statements": 20, "percent_covered": 65.0, "percent_covered_display": "65", "missing_lines": 7, "excluded_lines": 0}, "missing_lines": [287, 288, 289, 290, 298, 299, 300], "excluded_lines": []}, "DocumentationDeployment._write_cli_markdown": {"executed_lines": [], "summary": {"covered_lines": 0, "num_statements": 20, "percent_covered": 0.0, "percent_covered_display": "0", "missing_lines": 20, "excluded_lines": 0}, "missing_lines": [312, 313, 315, 323, 324, 325, 326, 328, 329, 330, 331, 332, 333, 335, 336, 337, 338, 339, 341, 342], "excluded_lines": []}, "DocumentationDeployment._write_template_markdown": {"executed_lines": [], "summary": {"covered_lines": 0, "num_statements": 26, "percent_covered": 0.0, "percent_covered_display": "0", "missing_lines": 26, "excluded_lines": 0}, "missing_lines": [346, 347, 349, 351, 352, 353, 354, 355, 357, 358, 359, 360, 361, 362, 364, 365, 366, 367, 370, 372, 373, 374, 375, 376, 378, 379], "excluded_lines": []}, "DocumentationDeployment._write_guides_markdown": {"executed_lines": [], "summary": {"covered_lines": 0, "num_statements": 21, "percent_covered": 0.0, "percent_covered_display": "0", "missing_lines": 21, "excluded_lines": 0}, "missing_lines": [383, 384, 387, 388, 389, 391, 392, 395, 396, 397, 408, 409, 410, 412, 414, 416, 417, 418, 419, 421, 422], "excluded_lines": []}, "DocumentationDeployment._write_index_markdown": {"executed_lines": [], "summary": {"covered_lines": 0, "num_statements": 3, "percent_covered": 0.0, "percent_covered_display": "0", "missing_lines": 3, "excluded_lines": 0}, "missing_lines": [426, 463, 464], "excluded_lines": []}, "DocumentationDeployment._deploy_html_enhanced": {"executed_lines": [468, 470, 471, 474, 475], "summary": {"covered_lines": 5, "num_statements": 8, "percent_covered": 62.5, "percent_covered_display": "62", "missing_lines": 3, "excluded_lines": 0}, "missing_lines": [477, 478, 480], "excluded_lines": []}, "DocumentationDeployment._deploy_html_fallback": {"executed_lines": [], "summary": {"covered_lines": 0, "num_statements": 38, "percent_covered": 0.0, "percent_covered_display": "0", "missing_lines": 38, "excluded_lines": 0}, "missing_lines": [484, 486, 487, 490, 515, 517, 518, 519, 522, 523, 524, 525, 526, 529, 530, 531, 532, 533, 534, 535, 536, 537, 538, 541, 546, 551, 552, 555, 556, 563, 564, 565, 566, 567, 568, 569, 571, 572], "excluded_lines": []}, "DocumentationDeployment._deploy_pdf_enhanced": {"executed_lines": [], "summary": {"covered_lines": 0, "num_statements": 13, "percent_covered": 0.0, "percent_covered_display": "0", "missing_lines": 13, "excluded_lines": 0}, "missing_lines": [578, 579, 582, 583, 584, 586, 590, 591, 593, 594, 596, 597, 598], "excluded_lines": []}, "DocumentationDeployment._deploy_pdf_fallback": {"executed_lines": [], "summary": {"covered_lines": 0, "num_statements": 9, "percent_covered": 0.0, "percent_covered_display": "0", "missing_lines": 9, "excluded_lines": 0}, "missing_lines": [602, 604, 618, 619, 620, 622, 623, 625, 626], "excluded_lines": []}, "DocumentationDeployment.deploy_to_github_pages": {"executed_lines": [], "summary": {"covered_lines": 0, "num_statements": 12, "percent_covered": 0.0, "percent_covered_display": "0", "missing_lines": 12, "excluded_lines": 0}, "missing_lines": [630, 632, 633, 634, 637, 638, 643, 644, 645, 646, 648, 649], "excluded_lines": []}, "DocumentationDeployment.serve_local_preview": {"executed_lines": [], "summary": {"covered_lines": 0, "num_statements": 13, "percent_covered": 0.0, "percent_covered_display": "0", "missing_lines": 13, "excluded_lines": 0}, "missing_lines": [655, 657, 658, 660, 661, 664, 665, 666, 667, 669, 670, 671, 672], "excluded_lines": []}, "DocumentationDeployment.serve_local_preview.Handler.__init__": {"executed_lines": [], "summary": {"covered_lines": 0, "num_statements": 1, "percent_covered": 0.0, "percent_covered_display": "0", "missing_lines": 1, "excluded_lines": 0}, "missing_lines": [662], "excluded_lines": []}, "DocumentationDeployment._deploy_pdf": {"executed_lines": [], "summary": {"covered_lines": 0, "num_statements": 1, "percent_covered": 0.0, "percent_covered_display": "0", "missing_lines": 1, "excluded_lines": 0}, "missing_lines": [676], "excluded_lines": []}, "DocumentationDeployment.generate_sitemap": {"executed_lines": [680, 683, 684, 685, 686, 687, 688, 691, 692, 693, 696, 697, 699, 700, 702, 703], "summary": {"covered_lines": 16, "num_statements": 16, "percent_covered": 100.0, "percent_covered_display": "100", "missing_lines": 0, "excluded_lines": 0}, "missing_lines": [], "excluded_lines": []}, "": {"executed_lines": [1, 5, 6, 7, 8, 10, 11, 12, 13, 16, 17, 19, 25, 36, 52, 67, 155, 180, 220, 251, 275, 310, 344, 381, 424, 466, 482, 574, 600, 628, 651, 674, 678], "summary": {"covered_lines": 31, "num_statements": 31, "percent_covered": 100.0, "percent_covered_display": "100", "missing_lines": 0, "excluded_lines": 0}, "missing_lines": [], "excluded_lines": []}}, "classes": {"DocumentationDeployment": {"executed_lines": [21, 22, 23, 27, 28, 29, 32, 33, 34, 38, 40, 41, 42, 43, 44, 56, 58, 60, 65, 70, 71, 72, 73, 79, 80, 81, 84, 85, 86, 87, 90, 96, 97, 98, 101, 102, 103, 104, 107, 113, 114, 115, 118, 119, 120, 121, 127, 131, 182, 183, 186, 200, 201, 202, 206, 207, 210, 211, 213, 214, 215, 217, 218, 222, 229, 234, 236, 239, 240, 241, 242, 244, 249, 253, 254, 257, 258, 259, 263, 264, 267, 268, 269, 271, 272, 273, 277, 286, 292, 293, 294, 295, 297, 301, 303, 304, 305, 306, 308, 468, 470, 471, 474, 475, 680, 683, 684, 685, 686, 687, 688, 691, 692, 693, 696, 697, 699, 700, 702, 703], "summary": {"covered_lines": 120, "num_statements": 336, "percent_covered": 35.714285714285715, "percent_covered_display": "36", "missing_lines": 216, "excluded_lines": 0}, "missing_lines": [45, 46, 50, 63, 74, 75, 76, 91, 92, 93, 108, 109, 110, 122, 123, 124, 128, 132, 133, 136, 137, 138, 142, 143, 146, 147, 148, 149, 150, 151, 152, 153, 158, 159, 162, 163, 166, 167, 170, 171, 174, 175, 178, 230, 231, 232, 237, 245, 246, 247, 287, 288, 289, 290, 298, 299, 300, 312, 313, 315, 323, 324, 325, 326, 328, 329, 330, 331, 332, 333, 335, 336, 337, 338, 339, 341, 342, 346, 347, 349, 351, 352, 353, 354, 355, 357, 358, 359, 360, 361, 362, 364, 365, 366, 367, 370, 372, 373, 374, 375, 376, 378, 379, 383, 384, 387, 388, 389, 391, 392, 395, 396, 397, 408, 409, 410, 412, 414, 416, 417, 418, 419, 421, 422, 426, 463, 464, 477, 478, 480, 484, 486, 487, 490, 515, 517, 518, 519, 522, 523, 524, 525, 526, 529, 530, 531, 532, 533, 534, 535, 536, 537, 538, 541, 546, 551, 552, 555, 556, 563, 564, 565, 566, 567, 568, 569, 571, 572, 578, 579, 582, 583, 584, 586, 590, 591, 593, 594, 596, 597, 598, 602, 604, 618, 619, 620, 622, 623, 625, 626, 630, 632, 633, 634, 637, 638, 643, 644, 645, 646, 648, 649, 655, 657, 658, 660, 661, 664, 665, 666, 667, 669, 670, 671, 672, 676], "excluded_lines": []}, "DocumentationDeployment.serve_local_preview.Handler": {"executed_lines": [], "summary": {"covered_lines": 0, "num_statements": 1, "percent_covered": 0.0, "percent_covered_display": "0", "missing_lines": 1, "excluded_lines": 0}, "missing_lines": [662], "excluded_lines": []}, "": {"executed_lines": [1, 5, 6, 7, 8, 10, 11, 12, 13, 16, 17, 19, 25, 36, 52, 67, 155, 180, 220, 251, 275, 310, 344, 381, 424, 466, 482, 574, 600, 628, 651, 674, 678], "summary": {"covered_lines": 31, "num_statements": 31, "percent_covered": 100.0, "percent_covered_display": "100", "missing_lines": 0, "excluded_lines": 0}, "missing_lines": [], "excluded_lines": []}}}, "src/writeit/docs/extractors/__init__.py": {"executed_lines": [1, 5, 6, 7, 8, 9, 11], "summary": {"covered_lines": 6, "num_statements": 6, "percent_covered": 100.0, "percent_covered_display": "100", "missing_lines": 0, "excluded_lines": 0}, "missing_lines": [], "excluded_lines": [], "functions": {"": {"executed_lines": [1, 5, 6, 7, 8, 9, 11], "summary": {"covered_lines": 6, "num_statements": 6, "percent_covered": 100.0, "percent_covered_display": "100", "missing_lines": 0, "excluded_lines": 0}, "missing_lines": [], "excluded_lines": []}}, "classes": {"": {"executed_lines": [1, 5, 6, 7, 8, 9, 11], "summary": {"covered_lines": 6, "num_statements": 6, "percent_covered": 100.0, "percent_covered_display": "100", "missing_lines": 0, "excluded_lines": 0}, "missing_lines": [], "excluded_lines": []}}}, "src/writeit/docs/extractors/api.py": {"executed_lines": [1, 5, 6, 7, 9, 10, 12, 21, 22, 24, 35, 42, 44, 54, 55, 56, 57, 66, 67, 68, 71, 72, 73, 74, 75, 77, 79, 83, 95, 96, 102, 103, 113, 114, 115, 116, 117, 126, 128, 130, 153, 157, 164, 165, 166, 167, 170, 174, 178, 181, 184, 186, 204, 222, 246], "summary": {"covered_lines": 53, "num_statements": 126, "percent_covered": 42.06349206349206, "percent_covered_display": "42", "missing_lines": 73, "excluded_lines": 0}, "missing_lines": [26, 33, 37, 38, 40, 97, 98, 99, 104, 105, 106, 107, 120, 121, 134, 135, 136, 137, 138, 139, 140, 141, 143, 150, 151, 171, 175, 176, 182, 188, 190, 191, 192, 200, 202, 208, 211, 212, 213, 216, 217, 218, 220, 226, 227, 228, 230, 231, 232, 233, 235, 236, 238, 243, 244, 250, 251, 252, 254, 256, 257, 258, 259, 260, 261, 262, 263, 264, 265, 267, 271, 276, 277], "excluded_lines": [], "functions": {"APIExtractor.extract_api_docs": {"executed_lines": [], "summary": {"covered_lines": 0, "num_statements": 2, "percent_covered": 0.0, "percent_covered_display": "0", "missing_lines": 2, "excluded_lines": 0}, "missing_lines": [26, 33], "excluded_lines": []}, "APIExtractor.extract_from_openapi_file": {"executed_lines": [], "summary": {"covered_lines": 0, "num_statements": 3, "percent_covered": 0.0, "percent_covered_display": "0", "missing_lines": 3, "excluded_lines": 0}, "missing_lines": [37, 38, 40], "excluded_lines": []}, "APIExtractor._extract_from_openapi_schema": {"executed_lines": [44, 54, 55, 56, 57, 66, 67, 68, 71, 72, 73, 74, 75, 77], "summary": {"covered_lines": 14, "num_statements": 14, "percent_covered": 100.0, "percent_covered_display": "100", "missing_lines": 0, "excluded_lines": 0}, "missing_lines": [], "excluded_lines": []}, "APIExtractor._extract_endpoint": {"executed_lines": [83, 95, 96, 102, 103, 113, 114, 115, 116, 117, 126, 128], "summary": {"covered_lines": 12, "num_statements": 21, "percent_covered": 57.142857142857146, "percent_covered_display": "57", "missing_lines": 9, "excluded_lines": 0}, "missing_lines": [97, 98, 99, 104, 105, 106, 107, 120, 121], "excluded_lines": []}, "APIExtractor._extract_parameter": {"executed_lines": [], "summary": {"covered_lines": 0, "num_statements": 11, "percent_covered": 0.0, "percent_covered_display": "0", "missing_lines": 11, "excluded_lines": 0}, "missing_lines": [134, 135, 136, 137, 138, 139, 140, 141, 143, 150, 151], "excluded_lines": []}, "APIExtractor._extract_model": {"executed_lines": [157, 164, 165, 166, 167, 170, 174, 178, 181, 184], "summary": {"covered_lines": 10, "num_statements": 14, "percent_covered": 71.42857142857143, "percent_covered_display": "71", "missing_lines": 4, "excluded_lines": 0}, "missing_lines": [171, 175, 176, 182], "excluded_lines": []}, "APIExtractor.extract_websocket_docs": {"executed_lines": [], "summary": {"covered_lines": 0, "num_statements": 6, "percent_covered": 0.0, "percent_covered_display": "0", "missing_lines": 6, "excluded_lines": 0}, "missing_lines": [188, 190, 191, 192, 200, 202], "excluded_lines": []}, "APIExtractor.generate_examples": {"executed_lines": [], "summary": {"covered_lines": 0, "num_statements": 8, "percent_covered": 0.0, "percent_covered_display": "0", "missing_lines": 8, "excluded_lines": 0}, "missing_lines": [208, 211, 212, 213, 216, 217, 218, 220], "excluded_lines": []}, "APIExtractor._generate_http_example": {"executed_lines": [], "summary": {"covered_lines": 0, "num_statements": 12, "percent_covered": 0.0, "percent_covered_display": "0", "missing_lines": 12, "excluded_lines": 0}, "missing_lines": [226, 227, 228, 230, 231, 232, 233, 235, 236, 238, 243, 244], "excluded_lines": []}, "APIExtractor._generate_python_example": {"executed_lines": [], "summary": {"covered_lines": 0, "num_statements": 18, "percent_covered": 0.0, "percent_covered_display": "0", "missing_lines": 18, "excluded_lines": 0}, "missing_lines": [250, 251, 252, 254, 256, 257, 258, 259, 260, 261, 262, 263, 264, 265, 267, 271, 276, 277], "excluded_lines": []}, "": {"executed_lines": [1, 5, 6, 7, 9, 10, 12, 21, 22, 24, 35, 42, 79, 130, 153, 186, 204, 222, 246], "summary": {"covered_lines": 17, "num_statements": 17, "percent_covered": 100.0, "percent_covered_display": "100", "missing_lines": 0, "excluded_lines": 0}, "missing_lines": [], "excluded_lines": []}}, "classes": {"APIExtractor": {"executed_lines": [44, 54, 55, 56, 57, 66, 67, 68, 71, 72, 73, 74, 75, 77, 83, 95, 96, 102, 103, 113, 114, 115, 116, 117, 126, 128, 157, 164, 165, 166, 167, 170, 174, 178, 181, 184], "summary": {"covered_lines": 36, "num_statements": 109, "percent_covered": 33.027522935779814, "percent_covered_display": "33", "missing_lines": 73, "excluded_lines": 0}, "missing_lines": [26, 33, 37, 38, 40, 97, 98, 99, 104, 105, 106, 107, 120, 121, 134, 135, 136, 137, 138, 139, 140, 141, 143, 150, 151, 171, 175, 176, 182, 188, 190, 191, 192, 200, 202, 208, 211, 212, 213, 216, 217, 218, 220, 226, 227, 228, 230, 231, 232, 233, 235, 236, 238, 243, 244, 250, 251, 252, 254, 256, 257, 258, 259, 260, 261, 262, 263, 264, 265, 267, 271, 276, 277], "excluded_lines": []}, "": {"executed_lines": [1, 5, 6, 7, 9, 10, 12, 21, 22, 24, 35, 42, 79, 130, 153, 186, 204, 222, 246], "summary": {"covered_lines": 17, "num_statements": 17, "percent_covered": 100.0, "percent_covered_display": "100", "missing_lines": 0, "excluded_lines": 0}, "missing_lines": [], "excluded_lines": []}}}, "src/writeit/docs/extractors/cli.py": {"executed_lines": [1, 5, 6, 7, 9, 10, 12, 15, 16, 18, 35, 55, 57, 58, 59, 63, 71, 73, 84, 97, 98, 99, 101, 105, 107, 108, 111, 123, 125, 128, 129, 133, 136, 137, 155, 165, 167, 168, 170, 171, 174, 175, 177, 179, 181, 183, 186, 187, 188, 191, 192, 193, 200, 201, 202, 203, 205, 207, 245, 247, 250, 281, 282, 284, 286, 288, 289, 293], "summary": {"covered_lines": 66, "num_statements": 140, "percent_covered": 47.142857142857146, "percent_covered_display": "47", "missing_lines": 74, "excluded_lines": 0}, "missing_lines": [20, 28, 31, 33, 37, 39, 40, 41, 42, 43, 44, 47, 48, 49, 50, 51, 53, 60, 65, 66, 68, 86, 87, 88, 90, 93, 95, 109, 119, 121, 126, 130, 131, 138, 139, 140, 143, 144, 145, 146, 147, 148, 149, 150, 151, 153, 157, 158, 160, 161, 162, 163, 172, 209, 212, 215, 216, 219, 220, 223, 224, 227, 228, 231, 232, 236, 239, 240, 241, 243, 290, 291, 295, 339], "excluded_lines": [], "functions": {"CLIExtractor.extract_cli_docs": {"executed_lines": [], "summary": {"covered_lines": 0, "num_statements": 4, "percent_covered": 0.0, "percent_covered_display": "0", "missing_lines": 4, "excluded_lines": 0}, "missing_lines": [20, 28, 31, 33], "excluded_lines": []}, "CLIExtractor._extract_commands": {"executed_lines": [], "summary": {"covered_lines": 0, "num_statements": 13, "percent_covered": 0.0, "percent_covered_display": "0", "missing_lines": 13, "excluded_lines": 0}, "missing_lines": [37, 39, 40, 41, 42, 43, 44, 47, 48, 49, 50, 51, 53], "excluded_lines": []}, "CLIExtractor._extract_command": {"executed_lines": [57, 58, 59, 63, 71, 73, 84, 97, 98, 99], "summary": {"covered_lines": 10, "num_statements": 20, "percent_covered": 50.0, "percent_covered_display": "50", "missing_lines": 10, "excluded_lines": 0}, "missing_lines": [60, 65, 66, 68, 86, 87, 88, 90, 93, 95], "excluded_lines": []}, "CLIExtractor._extract_command_parameters": {"executed_lines": [105, 107, 108, 111], "summary": {"covered_lines": 4, "num_statements": 7, "percent_covered": 57.142857142857146, "percent_covered_display": "57", "missing_lines": 3, "excluded_lines": 0}, "missing_lines": [109, 119, 121], "excluded_lines": []}, "CLIExtractor._get_param_type_annotation": {"executed_lines": [125, 128, 129], "summary": {"covered_lines": 3, "num_statements": 6, "percent_covered": 50.0, "percent_covered_display": "50", "missing_lines": 3, "excluded_lines": 0}, "missing_lines": [126, 130, 131], "excluded_lines": []}, "CLIExtractor._get_param_description": {"executed_lines": [136, 137], "summary": {"covered_lines": 2, "num_statements": 15, "percent_covered": 13.333333333333334, "percent_covered_display": "13", "missing_lines": 13, "excluded_lines": 0}, "missing_lines": [138, 139, 140, 143, 144, 145, 146, 147, 148, 149, 150, 151, 153], "excluded_lines": []}, "CLIExtractor._get_param_default_value": {"executed_lines": [], "summary": {"covered_lines": 0, "num_statements": 6, "percent_covered": 0.0, "percent_covered_display": "0", "missing_lines": 6, "excluded_lines": 0}, "missing_lines": [157, 158, 160, 161, 162, 163], "excluded_lines": []}, "CLIExtractor._generate_usage": {"executed_lines": [167, 168, 170, 171, 174, 175, 177, 179], "summary": {"covered_lines": 8, "num_statements": 9, "percent_covered": 88.88888888888889, "percent_covered_display": "89", "missing_lines": 1, "excluded_lines": 0}, "missing_lines": [172], "excluded_lines": []}, "CLIExtractor._extract_command_examples": {"executed_lines": [183, 186, 187, 188, 191, 192, 193, 200, 201, 202, 203, 205], "summary": {"covered_lines": 12, "num_statements": 12, "percent_covered": 100.0, "percent_covered_display": "100", "missing_lines": 0, "excluded_lines": 0}, "missing_lines": [], "excluded_lines": []}, "CLIExtractor._extract_command_tags": {"executed_lines": [], "summary": {"covered_lines": 0, "num_statements": 17, "percent_covered": 0.0, "percent_covered_display": "0", "missing_lines": 17, "excluded_lines": 0}, "missing_lines": [209, 212, 215, 216, 219, 220, 223, 224, 227, 228, 231, 232, 236, 239, 240, 241, 243], "excluded_lines": []}, "CLIExtractor._extract_global_options": {"executed_lines": [247, 250, 281, 282, 284], "summary": {"covered_lines": 5, "num_statements": 5, "percent_covered": 100.0, "percent_covered_display": "100", "missing_lines": 0, "excluded_lines": 0}, "missing_lines": [], "excluded_lines": []}, "CLIExtractor._get_source_file": {"executed_lines": [288, 289], "summary": {"covered_lines": 2, "num_statements": 4, "percent_covered": 50.0, "percent_covered_display": "50", "missing_lines": 2, "excluded_lines": 0}, "missing_lines": [290, 291], "excluded_lines": []}, "CLIExtractor.generate_shell_completion_docs": {"executed_lines": [], "summary": {"covered_lines": 0, "num_statements": 2, "percent_covered": 0.0, "percent_covered_display": "0", "missing_lines": 2, "excluded_lines": 0}, "missing_lines": [295, 339], "excluded_lines": []}, "": {"executed_lines": [1, 5, 6, 7, 9, 10, 12, 15, 16, 18, 35, 55, 101, 123, 133, 155, 165, 181, 207, 245, 286, 293], "summary": {"covered_lines": 20, "num_statements": 20, "percent_covered": 100.0, "percent_covered_display": "100", "missing_lines": 0, "excluded_lines": 0}, "missing_lines": [], "excluded_lines": []}}, "classes": {"CLIExtractor": {"executed_lines": [57, 58, 59, 63, 71, 73, 84, 97, 98, 99, 105, 107, 108, 111, 125, 128, 129, 136, 137, 167, 168, 170, 171, 174, 175, 177, 179, 183, 186, 187, 188, 191, 192, 193, 200, 201, 202, 203, 205, 247, 250, 281, 282, 284, 288, 289], "summary": {"covered_lines": 46, "num_statements": 120, "percent_covered": 38.333333333333336, "percent_covered_display": "38", "missing_lines": 74, "excluded_lines": 0}, "missing_lines": [20, 28, 31, 33, 37, 39, 40, 41, 42, 43, 44, 47, 48, 49, 50, 51, 53, 60, 65, 66, 68, 86, 87, 88, 90, 93, 95, 109, 119, 121, 126, 130, 131, 138, 139, 140, 143, 144, 145, 146, 147, 148, 149, 150, 151, 153, 157, 158, 160, 161, 162, 163, 172, 209, 212, 215, 216, 219, 220, 223, 224, 227, 228, 231, 232, 236, 239, 240, 241, 243, 290, 291, 295, 339], "excluded_lines": []}, "": {"executed_lines": [1, 5, 6, 7, 9, 10, 12, 15, 16, 18, 35, 55, 101, 123, 133, 155, 165, 181, 207, 245, 286, 293], "summary": {"covered_lines": 20, "num_statements": 20, "percent_covered": 100.0, "percent_covered_display": "100", "missing_lines": 0, "excluded_lines": 0}, "missing_lines": [], "excluded_lines": []}}}, "src/writeit/docs/extractors/examples.py": {"executed_lines": [1, 5, 6, 7, 8, 10, 13, 14, 16, 39, 53, 95, 154, 185, 194, 215, 229, 240, 258], "summary": {"covered_lines": 17, "num_statements": 153, "percent_covered": 11.11111111111111, "percent_covered_display": "11", "missing_lines": 136, "excluded_lines": 0}, "missing_lines": [18, 20, 21, 22, 24, 27, 28, 29, 32, 34, 35, 37, 41, 44, 45, 48, 49, 51, 57, 60, 61, 62, 64, 67, 68, 69, 70, 71, 72, 73, 74, 76, 77, 80, 82, 83, 93, 97, 99, 100, 101, 102, 104, 105, 107, 108, 109, 110, 111, 112, 113, 114, 115, 117, 118, 121, 122, 123, 127, 128, 130, 138, 139, 142, 143, 144, 152, 156, 159, 160, 162, 163, 164, 167, 168, 169, 170, 171, 172, 173, 175, 176, 177, 179, 183, 187, 188, 189, 190, 191, 192, 196, 197, 199, 201, 203, 206, 208, 209, 211, 213, 217, 219, 220, 221, 223, 227, 231, 232, 234, 235, 236, 237, 238, 244, 246, 247, 248, 249, 252, 254, 256, 260, 262, 263, 264, 266, 269, 270, 271, 272, 273, 274, 276, 277, 279], "excluded_lines": [], "functions": {"ExampleExtractor.extract_from_tests": {"executed_lines": [], "summary": {"covered_lines": 0, "num_statements": 12, "percent_covered": 0.0, "percent_covered_display": "0", "missing_lines": 12, "excluded_lines": 0}, "missing_lines": [18, 20, 21, 22, 24, 27, 28, 29, 32, 34, 35, 37], "excluded_lines": []}, "ExampleExtractor.extract_from_docstrings": {"executed_lines": [], "summary": {"covered_lines": 0, "num_statements": 6, "percent_covered": 0.0, "percent_covered_display": "0", "missing_lines": 6, "excluded_lines": 0}, "missing_lines": [41, 44, 45, 48, 49, 51], "excluded_lines": []}, "ExampleExtractor._extract_from_test_function": {"executed_lines": [], "summary": {"covered_lines": 0, "num_statements": 19, "percent_covered": 0.0, "percent_covered_display": "0", "missing_lines": 19, "excluded_lines": 0}, "missing_lines": [57, 60, 61, 62, 64, 67, 68, 69, 70, 71, 72, 73, 74, 76, 77, 80, 82, 83, 93], "excluded_lines": []}, "ExampleExtractor._extract_doctest_examples": {"executed_lines": [], "summary": {"covered_lines": 0, "num_statements": 30, "percent_covered": 0.0, "percent_covered_display": "0", "missing_lines": 30, "excluded_lines": 0}, "missing_lines": [97, 99, 100, 101, 102, 104, 105, 107, 108, 109, 110, 111, 112, 113, 114, 115, 117, 118, 121, 122, 123, 127, 128, 130, 138, 139, 142, 143, 144, 152], "excluded_lines": []}, "ExampleExtractor._extract_code_blocks": {"executed_lines": [], "summary": {"covered_lines": 0, "num_statements": 18, "percent_covered": 0.0, "percent_covered_display": "0", "missing_lines": 18, "excluded_lines": 0}, "missing_lines": [156, 159, 160, 162, 163, 164, 167, 168, 169, 170, 171, 172, 173, 175, 176, 177, 179, 183], "excluded_lines": []}, "ExampleExtractor._extract_test_description": {"executed_lines": [], "summary": {"covered_lines": 0, "num_statements": 6, "percent_covered": 0.0, "percent_covered_display": "0", "missing_lines": 6, "excluded_lines": 0}, "missing_lines": [187, 188, 189, 190, 191, 192], "excluded_lines": []}, "ExampleExtractor._clean_test_example": {"executed_lines": [], "summary": {"covered_lines": 0, "num_statements": 10, "percent_covered": 0.0, "percent_covered_display": "0", "missing_lines": 10, "excluded_lines": 0}, "missing_lines": [196, 197, 199, 201, 203, 206, 208, 209, 211, 213], "excluded_lines": []}, "ExampleExtractor.validate_examples": {"executed_lines": [], "summary": {"covered_lines": 0, "num_statements": 6, "percent_covered": 0.0, "percent_covered_display": "0", "missing_lines": 6, "excluded_lines": 0}, "missing_lines": [217, 219, 220, 221, 223, 227], "excluded_lines": []}, "ExampleExtractor._validate_example_syntax": {"executed_lines": [], "summary": {"covered_lines": 0, "num_statements": 7, "percent_covered": 0.0, "percent_covered_display": "0", "missing_lines": 7, "excluded_lines": 0}, "missing_lines": [231, 232, 234, 235, 236, 237, 238], "excluded_lines": []}, "ExampleExtractor.extract_from_directory": {"executed_lines": [], "summary": {"covered_lines": 0, "num_statements": 8, "percent_covered": 0.0, "percent_covered_display": "0", "missing_lines": 8, "excluded_lines": 0}, "missing_lines": [244, 246, 247, 248, 249, 252, 254, 256], "excluded_lines": []}, "ExampleExtractor._extract_from_python_file": {"executed_lines": [], "summary": {"covered_lines": 0, "num_statements": 14, "percent_covered": 0.0, "percent_covered_display": "0", "missing_lines": 14, "excluded_lines": 0}, "missing_lines": [260, 262, 263, 264, 266, 269, 270, 271, 272, 273, 274, 276, 277, 279], "excluded_lines": []}, "": {"executed_lines": [1, 5, 6, 7, 8, 10, 13, 14, 16, 39, 53, 95, 154, 185, 194, 215, 229, 240, 258], "summary": {"covered_lines": 17, "num_statements": 17, "percent_covered": 100.0, "percent_covered_display": "100", "missing_lines": 
[...]
d": 96.55172413793103, "percent_covered_display": "97", "missing_lines": 2, "excluded_lines": 0}, "missing_lines": [57, 58], "excluded_lines": []}, "": {"executed_lines": [3, 4, 5, 6, 9, 10, 12, 21, 72, 93, 117, 146, 170, 188, 193, 199, 200, 201, 202, 205, 212, 213, 214, 217, 219, 220, 221, 223], "summary": {"covered_lines": 27, "num_statements": 27, "percent_covered": 100.0, "percent_covered_display": "100", "missing_lines": 0, "excluded_lines": 0}, "missing_lines": [], "excluded_lines": []}}}, "src/writeit/workspace/migration.py": {"executed_lines": [3, 4, 5, 6, 7, 10, 11, 13, 19, 21, 59, 68, 69, 72, 87, 88, 89, 90, 91, 92, 97, 98, 99, 100, 103, 106, 107, 108, 109, 112, 115, 116, 121, 125, 127, 143, 144, 148, 152, 161, 162, 169, 172, 173, 174, 175, 178, 179, 180, 181, 184, 191, 192, 194, 196, 214, 224, 227, 230, 233, 237, 240, 242, 249, 252, 254, 255, 256, 261, 270, 273], "summary": {"covered_lines": 70, "num_statements": 132, "percent_covered": 53.03030303030303, "percent_covered_display": "53", "missing_lines": 62, "excluded_lines": 0}, "missing_lines": [32, 33, 42, 44, 45, 46, 49, 50, 51, 52, 53, 55, 57, 70, 93, 94, 117, 118, 145, 146, 149, 153, 154, 158, 165, 166, 185, 186, 187, 188, 205, 206, 207, 209, 210, 212, 234, 238, 250, 257, 258, 259, 288, 289, 290, 292, 293, 295, 296, 297, 298, 299, 300, 301, 302, 304, 305, 306, 307, 309, 310, 312], "excluded_lines": [], "functions": {"WorkspaceMigrator.__init__": {"executed_lines": [19], "summary": {"covered_lines": 1, "num_statements": 1, "percent_covered": 100.0, "percent_covered_display": "100", "missing_lines": 0, "excluded_lines": 0}, "missing_lines": [], "excluded_lines": []}, "WorkspaceMigrator.detect_local_workspaces": {"executed_lines": [], "summary": {"covered_lines": 0, "num_statements": 13, "percent_covered": 0.0, "percent_covered_display": "0", "missing_lines": 13, "excluded_lines": 0}, "missing_lines": [32, 33, 42, 44, 45, 46, 49, 50, 51, 52, 53, 55, 57], "excluded_lines": []}, "WorkspaceMigrator.analyze_local_workspace": {"executed_lines": [68, 69, 72, 87, 88, 89, 90, 91, 92, 97, 98, 99, 100, 103, 106, 107, 108, 109, 112, 115, 116, 121, 125], "summary": {"covered_lines": 23, "num_statements": 28, "percent_covered": 82.14285714285714, "percent_covered_display": "82", "missing_lines": 5, "excluded_lines": 0}, "missing_lines": [70, 93, 94, 117, 118], "excluded_lines": []}, "WorkspaceMigrator.migrate_local_workspace": {"executed_lines": [143, 144, 148, 152, 161, 162, 169, 172, 173, 174, 175, 178, 179, 180, 181, 184, 191, 192, 194], "summary": {"covered_lines": 19, "num_statements": 31, "percent_covered": 61.29032258064516, "percent_covered_display": "61", "missing_lines": 12, "excluded_lines": 0}, "missing_lines": [145, 146, 149, 153, 154, 158, 165, 166, 185, 186, 187, 188], "excluded_lines": []}, "WorkspaceMigrator.create_migration_backup": {"executed_lines": [], "summary": {"covered_lines": 0, "num_statements": 6, "percent_covered": 0.0, "percent_covered_display": "0", "missing_lines": 6, "excluded_lines": 0}, "missing_lines": [205, 206, 207, 209, 210, 212], "excluded_lines": []}, "WorkspaceMigrator._suggest_workspace_name": {"executed_lines": [224, 227, 230, 233, 237, 240], "summary": {"covered_lines": 6, "num_statements": 8, "percent_covered": 75.0, "percent_covered_display": "75", "missing_lines": 2, "excluded_lines": 0}, "missing_lines": [234, 238], "excluded_lines": []}, "WorkspaceMigrator._copy_directory_contents": {"executed_lines": [249, 252, 254, 255, 256], "summary": {"covered_lines": 5, "num_statements": 9, "percent_covered": 55.55555555555556, "percent_covered_display": "56", "missing_lines": 4, "excluded_lines": 0}, "missing_lines": [250, 257, 258, 259], "excluded_lines": []}, "WorkspaceMigrator._migrate_config": {"executed_lines": [270], "summary": {"covered_lines": 1, "num_statements": 1, "percent_covered": 100.0, "percent_covered_display": "100", "missing_lines": 0, "excluded_lines": 0}, "missing_lines": [], "excluded_lines": []}, "find_and_migrate_workspaces": {"executed_lines": [], "summary": {"covered_lines": 0, "num_statements": 20, "percent_covered": 0.0, "percent_covered_display": "0", "missing_lines": 20, "excluded_lines": 0}, "missing_lines": [288, 289, 290, 292, 293, 295, 296, 297, 298, 299, 300, 301, 302, 304, 305, 306, 307, 309, 310, 312], "excluded_lines": []}, "": {"executed_lines": [3, 4, 5, 6, 7, 10, 11, 13, 21, 59, 127, 196, 214, 242, 261, 273], "summary": {"covered_lines": 15, "num_statements": 15, "percent_covered": 100.0, "percent_covered_display": "100", "missing_lines": 0, "excluded_lines": 0}, "missing_lines": [], "excluded_lines": []}}, "classes": {"WorkspaceMigrator": {"executed_lines": [19, 68, 69, 72, 87, 88, 89, 90, 91, 92, 97, 98, 99, 100, 103, 106, 107, 108, 109, 112, 115, 116, 121, 125, 143, 144, 148, 152, 161, 162, 169, 172, 173, 174, 175, 178, 179, 180, 181, 184, 191, 192, 194, 224, 227, 230, 233, 237, 240, 249, 252, 254, 255, 256, 270], "summary": {"covered_lines": 55, "num_statements": 97, "percent_covered": 56.70103092783505, "percent_covered_display": "57", "missing_lines": 42, "excluded_lines": 0}, "missing_lines": [32, 33, 42, 44, 45, 46, 49, 50, 51, 52, 53, 55, 57, 70, 93, 94, 117, 118, 145, 146, 149, 153, 154, 158, 165, 166, 185, 186, 187, 188, 205, 206, 207, 209, 210, 212, 234, 238, 250, 257, 258, 259], "excluded_lines": []}, "": {"executed_lines": [3, 4, 5, 6, 7, 10, 11, 13, 21, 59, 127, 196, 214, 242, 261, 273], "summary": {"covered_lines": 15, "num_statements": 35, "percent_covered": 42.857142857142854, "percent_covered_display": "43", "missing_lines": 20, "excluded_lines": 0}, "missing_lines": [288, 289, 290, 292, 293, 295, 296, 297, 298, 299, 300, 301, 302, 304, 305, 306, 307, 309, 310, 312], "excluded_lines": []}}}, "src/writeit/workspace/template_manager.py": {"executed_lines": [4, 5, 6, 8, 11, 12, 14, 15, 16, 19, 20, 22, 23, 26, 27, 29, 32, 33, 34, 35, 36, 38, 39, 40, 42, 45, 46, 48, 54, 56, 75, 78, 79, 80, 85, 90, 91, 92, 94, 96, 113, 114, 115, 119, 120, 123, 125, 126, 129, 130, 133, 134, 136, 137, 138, 140, 142, 166, 169, 170, 171, 172, 173, 175, 176, 183, 186, 187, 188, 191, 192, 194, 196, 222, 226, 227, 230, 231, 234, 238, 246, 248, 250, 251, 257, 259, 260, 264, 266, 270, 272, 273, 274, 276, 277, 278, 280, 282, 286, 287, 289, 291, 293, 294, 296], "summary": {"covered_lines": 101, "num_statements": 108, "percent_covered": 93.51851851851852, "percent_covered_display": "94", "missing_lines": 7, "excluded_lines": 0}, "missing_lines": [81, 82, 116, 117, 127, 174, 178], "excluded_lines": [], "functions": {"TemplateLocation.__init__": {"executed_lines": [32, 33, 34, 35, 36], "summary": {"covered_lines": 5, "num_statements": 5, "percent_covered": 100.0, "percent_covered_display": "100", "missing_lines": 0, "excluded_lines": 0}, "missing_lines": [], "excluded_lines": []}, "TemplateLocation.__str__": {"executed_lines": [39, 40, 42], "summary": {"covered_lines": 3, "num_statements": 3, "percent_covered": 100.0, "percent_covered_display": "100", "missing_lines": 0, "excluded_lines": 0}, "missing_lines": [], "excluded_lines": []}, "TemplateManager.__init__": {"executed_lines": [54], "summary": {"covered_lines": 1, "num_statements": 1, "percent_covered": 100.0, "percent_covered_display": "100", "missing_lines": 0, "excluded_lines": 0}, "missing_lines": [], "excluded_lines": []}, "TemplateManager.resolve_template": {"executed_lines": [75, 78, 79, 80, 85, 90, 91, 92, 94], "summary": {"covered_lines": 9, "num_statements": 11, "percent_covered": 81.81818181818181, "percent_covered_display": "82", "missing_lines": 2, "excluded_lines": 0}, "missing_lines": [81, 82], "excluded_lines": []}, "TemplateManager.list_templates": {"executed_lines": [113, 114, 115, 119, 120, 123, 125, 126, 129, 130, 133, 134, 136, 137, 138, 140], "summary": {"covered_lines": 16, "num_statements": 19, "percent_covered": 84.21052631578948, "percent_covered_display": "84", "missing_lines": 3, "excluded_lines": 0}, "missing_lines": [116, 117, 127], "excluded_lines": []}, "TemplateManager.create_template": {"executed_lines": [166, 169, 170, 171, 172, 173, 175, 176, 183, 186, 187, 188, 191, 192, 194], "summary": {"covered_lines": 15, "num_statements": 17, "percent_covered": 88.23529411764706, "percent_covered_display": "88", "missing_lines": 2, "excluded_lines": 0}, "missing_lines": [174, 178], "excluded_lines": []}, "TemplateManager.copy_template": {"executed_lines": [222, 226, 227, 230, 231, 234], "summary": {"covered_lines": 6, "num_statements": 6, "percent_covered": 100.0, "percent_covered_display": "100", "missing_lines": 0, "excluded_lines": 0}, "missing_lines": [], "excluded_lines": []}, "TemplateManager._get_search_locations": {"executed_lines": [246, 248, 250, 251, 257, 259, 260, 264], "summary": {"covered_lines": 8, "num_statements": 8, "percent_covered": 100.0, "percent_covered_display": "100", "missing_lines": 0, "excluded_lines": 0}, "missing_lines": [], "excluded_lines": []}, "TemplateManager._get_search_directories": {"executed_lines": [270, 272, 273, 274, 276, 277, 278, 280], "summary": {"covered_lines": 8, "num_statements": 8, "percent_covered": 100.0, "percent_covered_display": "100", "missing_lines": 0, "excluded_lines": 0}, "missing_lines": [], "excluded_lines": []}, "TemplateManager._get_workspace_directory": {"executed_lines": [286, 287, 289], "summary": {"covered_lines": 3, "num_statements": 3, "percent_covered": 100.0, "percent_covered_display": "100", "missing_lines": 0, "excluded_lines": 0}, "missing_lines": [], "excluded_lines": []}, "TemplateManager._get_global_directory": {"executed_lines": [293, 294, 296], "summary": {"covered_lines": 3, "num_statements": 3, "percent_covered": 100.0, "percent_covered_display": "100", "missing_lines": 0, "excluded_lines": 0}, "missing_lines": [], "excluded_lines": []}, "": {"executed_lines": [4, 5, 6, 8, 11, 12, 14, 15, 16, 19, 20, 22, 23, 26, 27, 29, 38, 45, 46, 48, 56, 96, 142, 196, 238, 266, 282, 291], "summary": {"covered_lines": 24, "num_statements": 24, "percent_covered": 100.0, "percent_covered_display": "100", "missing_lines": 0, "excluded_lines": 0}, "missing_lines": [], "excluded_lines": []}}, "classes": {"TemplateScope": {"executed_lines": [], "summary": {"covered_lines": 0, "num_statements": 0, "percent_covered": 100.0, "percent_covered_display": "100", "missing_lines": 0, "excluded_lines": 0}, "missing_lines": [], "excluded_lines": []}, "TemplateType": {"executed_lines": [], "summary": {"covered_lines": 0, "num_statements": 0, "percent_covered": 100.0, "percent_covered_display": "100", "missing_lines": 0, "excluded_lines": 0}, "missing_lines": [], "excluded_lines": []}, "TemplateLocation": {"executed_lines": [32, 33, 34, 35, 36, 39, 40, 42], "summary": {"covered_lines": 8, "num_statements": 8, "percent_covered": 100.0, "percent_covered_display": "100", "missing_lines": 0, "excluded_lines": 0}, "missing_lines": [], "excluded_lines": []}, "TemplateManager": {"executed_lines": [54, 75, 78, 79, 80, 85, 90, 91, 92, 94, 113, 114, 115, 119, 120, 123, 125, 126, 129, 130, 133, 134, 136, 137, 138, 140, 166, 169, 170, 171, 172, 173, 175, 176, 183, 186, 187, 188, 191, 192, 194, 222, 226, 227, 230, 231, 234, 246, 248, 250, 251, 257, 259, 260, 264, 270, 272, 273, 274, 276, 277, 278, 280, 286, 287, 289, 293, 294, 296], "summary": {"covered_lines": 69, "num_statements": 76, "percent_covered": 90.78947368421052, "percent_covered_display": "91", "missing_lines": 7, "excluded_lines": 0}, "missing_lines": [81, 82, 116, 117, 127, 174, 178], "excluded_lines": []}, "": {"executed_lines": [4, 5, 6, 8, 11, 12, 14, 15, 16, 19, 20, 22, 23, 26, 27, 29, 38, 45, 46, 48, 56, 96, 142, 196, 238, 266, 282, 291], "summary": {"covered_lines": 24, "num_statements": 24, "percent_covered": 100.0, "percent_covered_display": "100", "missing_lines": 0, "excluded_lines": 0}, "missing_lines": [], "excluded_lines": []}}}, "src/writeit/workspace/workspace.py": {"executed_lines": [3, 4, 5, 6, 9, 10, 12, 13, 14, 17, 22, 23, 25, 28, 31, 36, 37, 39, 45, 46, 48, 49, 51, 53, 54, 56, 58, 59, 61, 63, 64, 66, 68, 69, 71, 73, 76, 77, 78, 79, 80, 83, 84, 87, 91, 103, 104, 106, 107, 110, 111, 112, 113, 116, 118, 121, 122, 123, 126, 127, 128, 129, 131, 133, 142, 144, 156, 157, 159, 160, 162, 164, 170, 171, 173, 175, 181, 182, 184, 193, 194, 196, 197, 198, 200, 209, 210, 212, 213, 218, 220, 221, 224, 225, 226, 227, 229, 235, 236, 238, 239, 240, 242, 243, 245, 246, 248, 254, 255, 256, 258, 267, 268, 270, 273, 274, 276, 278, 287, 288, 290, 299, 300], "summary": {"covered_lines": 120, "num_statements": 123, "percent_covered": 97.5609756097561, "percent_covered_display": "98", "missing_lines": 3, "excluded_lines": 0}, "missing_lines": [88, 89, 271], "excluded_lines": [], "functions": {"Workspace.__init__": {"executed_lines": [45, 46], "summary": {"covered_lines": 2, "num_statements": 2, "percent_covered": 100.0, "percent_covered_display": "100", "missing_lines": 0, "excluded_lines": 0}, "missing_lines": [], "excluded_lines": []}, "Workspace.config_file": {"executed_lines": [51], "summary": {"covered_lines": 1, "num_statements": 1, "percent_covered": 100.0, "percent_covered_display": "100", "missing_lines": 0, "excluded_lines": 0}, "missing_lines": [], "excluded_lines": []}, "Workspace.templates_dir": {"executed_lines": [56], "summary": {"covered_lines": 1, "num_statements": 1, "percent_covered": 100.0, "percent_covered_display": "100", "missing_lines": 0, "excluded_lines": 0}, "missing_lines": [], "excluded_lines": []}, "Workspace.styles_dir": {"executed_lines": [61], "summary": {"covered_lines": 1, "num_statements": 1, "percent_covered": 100.0, "percent_covered_display": "100", "missing_lines": 0, "excluded_lines": 0}, "missing_lines": [], "excluded_lines": []}, "Workspace.workspaces_dir": {"executed_lines": [66], "summary": {"covered_lines": 1, "num_statements": 1, "percent_covered": 100.0, "percent_covered_display": "100", "missing_lines": 0, "excluded_lines": 0}, "missing_lines": [], "excluded_lines": []}, "Workspace.cache_dir": {"executed_lines": [71], "summary": {"covered_lines": 1, "num_statements": 1, "percent_covered": 100.0, "percent_covered_display": "100", "missing_lines": 0, "excluded_lines": 0}, "missing_lines": [], "excluded_lines": []}, "Workspace.initialize": {"executed_lines": [76, 77, 78, 79, 80, 83, 84, 87], "summary": {"covered_lines": 8, "num_statements": 10, "percent_covered": 80.0, "percent_covered_display": "80", "missing_lines": 2, "excluded_lines": 0}, "missing_lines": [88, 89], "excluded_lines": []}, "Workspace.create_workspace": {"executed_lines": [103, 104, 106, 107, 110, 111, 112, 113, 116, 118, 121, 122, 123, 126, 127, 128, 129, 131], "summary": {"covered_lines": 18, "num_statements": 18, "percent_covered": 100.0, "percent_covered_display": "100", "missing_lines": 0, "excluded_lines": 0}, "missing_lines": [], "excluded_lines": []}, "Workspace.workspace_exists": {"executed_lines": [142], "summary": {"covered_lines": 1, "num_statements": 1, "percent_covered": 100.0, "percent_covered_display": "100", "missing_lines": 0, "excluded_lines": 0}, "missing_lines": [], "excluded_lines": []}, "Workspace.get_workspace_path": {"executed_lines": [156, 157, 159, 160, 162], "summary": {"covered_lines": 5, "num_statements": 5, "percent_covered": 100.0, "percent_covered_display": "100", "missing_lines": 0, "excluded_lines": 0}, "missing_lines": [], "excluded_lines": []}, "Workspace.list_workspaces": {"executed_lines": [170, 171, 173], "summary": {"covered_lines": 3, "num_statements": 3, "percent_covered": 100.0, "percent_covered_display": "100", "missing_lines": 0, "excluded_lines": 0}, "missing_lines": [], "excluded_lines": []}, "Workspace.get_active_workspace": {"executed_lines": [181, 182], "summary": {"covered_lines": 2, "num_statements": 2, "percent_covered": 100.0, "percent_covered_display": "100", "missing_lines": 0, "excluded_lines": 0}, "missing_lines": [], "excluded_lines": []}, "Workspace.set_active_workspace": {"executed_lines": [193, 194, 196, 197, 198], "summary": {"covered_lines": 5, "num_statements": 5, "percent_covered": 100.0, "percent_covered_display": "100", "missing_lines": 0, "excluded_lines": 0}, "missing_lines": [], "excluded_lines": []}, "Workspace.remove_workspace": {"executed_lines": [209, 210, 212, 213, 218, 220, 221, 224, 225, 226, 227], "summary": {"covered_lines": 11, "num_statements": 11, "percent_covered": 100.0, "percent_covered_display": "100", "missing_lines": 0, "excluded_lines": 0}, "missing_lines": [], "excluded_lines": []}, "Workspace.load_global_config": {"executed_lines": [235, 236, 238, 239, 240, 242, 243, 245, 246], "summary": {"covered_lines": 9, "num_statements": 9, "percent_covered": 100.0, "percent_covered_display": "100", "missing_lines": 0, "excluded_lines": 0}, "missing_lines": [], "excluded_lines": []}, "Workspace._save_global_config": {"executed_lines": [254, 255, 256], "summary": {"covered_lines": 3, "num_statements": 3, "percent_covered": 100.0, "percent_covered_display": "100", "missing_lines": 0, "excluded_lines": 0}, "missing_lines": [], "excluded_lines": []}, "Workspace.load_workspace_config": {"executed_lines": [267, 268, 270, 273, 274, 276], "summary": {"covered_lines": 6, "num_statements": 7, "percent_covered": 85.71428571428571, "percent_covered_display": "86", "missing_lines": 1, "excluded_lines": 0}, "missing_lines": [271], "excluded_lines": []}, "Workspace.get_workspace_templates_dir": {"executed_lines": [287, 288], "summary": {"covered_lines": 2, "num_statements": 2, "percent_covered": 100.0, "percent_covered_display": "100", "missing_lines": 0, "excluded_lines": 0}, "missing_lines": [], "excluded_lines": []}, "Workspace.get_workspace_styles_dir": {"executed_lines": [299, 300], "summary": {"covered_lines": 2, "num_statements": 2, "percent_covered": 100.0, "percent_covered_display": "100", "missing_lines": 0, "excluded_lines": 0}, "missing_lines": [], "excluded_lines": []}, "": {"executed_lines": [3, 4, 5, 6, 9, 10, 12, 13, 14, 17, 22, 23, 25, 28, 31, 36, 37, 39, 48, 49, 53, 54, 58, 59, 63, 64, 68, 69, 73, 91, 133, 144, 164, 175, 184, 200, 229, 248, 258, 278, 290], "summary": {"covered_lines": 38, "num_statements": 38, "percent_covered": 100.0, "percent_covered_display": "100", "missing_lines": 0, "excluded_lines": 0}, "missing_lines": [], "excluded_lines": []}}, "classes": {"WorkspaceConfig": {"executed_lines": [], "summary": {"covered_lines": 0, "num_statements": 0, "percent_covered": 100.0, "percent_covered_display": "100", "missing_lines": 0, "excluded_lines": 0}, "missing_lines": [], "excluded_lines": []}, "GlobalConfig": {"executed_lines": [], "summary": {"covered_lines": 0, "num_statements": 0, "percent_covered": 100.0, "percent_covered_display": "100", "missing_lines": 0, "excluded_lines": 0}, "missing_lines": [], "excluded_lines": []}, "Workspace": {"executed_lines": [45, 46, 51, 56, 61, 66, 71, 76, 77, 78, 79, 80, 83, 84, 87, 103, 104, 106, 107, 110, 111, 112, 113, 116, 118, 121, 122, 123, 126, 127, 128, 129, 131, 142, 156, 157, 159, 160, 162, 170, 171, 173, 181, 182, 193, 194, 196, 197, 198, 209, 210, 212, 213, 218, 220, 221, 224, 225, 226, 227, 235, 236, 238, 239, 240, 242, 243, 245, 246, 254, 255, 256, 267, 268, 270, 273, 274, 276, 287, 288, 299, 300], "summary": {"covered_lines": 82, "num_statements": 85, "percent_covered": 96.47058823529412, "percent_covered_display": "96", "missing_lines": 3, "excluded_lines": 0}, "missing_lines": [88, 89, 271], "excluded_lines": []}, "": {"executed_lines": [3, 4, 5, 6, 9, 10, 12, 13, 14, 17, 22, 23, 25, 28, 31, 36, 37, 39, 48, 49, 53, 54, 58, 59, 63, 64, 68, 69, 73, 91, 133, 144, 164, 175, 184, 200, 229, 248, 258, 278, 290], "summary": {"covered_lines": 38, "num_statements": 38, "percent_covered": 100.0, "percent_covered_display": "100", "missing_lines": 0, "excluded_lines": 0}, "missing_lines": [], "excluded_lines": []}}}}, "totals": {"covered_lines": 3363, "num_statements": 6579, "percent_covered": 51.1171910624715, "percent_covered_display": "51", "missing_lines": 3216, "excluded_lines": 0}}